<?xml version="1.0" encoding="utf-8"?>
<CoverageSession xmlns:xsd="http://www.w3.org/2001/XMLSchema" xmlns:xsi="http://www.w3.org/2001/XMLSchema-instance" Version="4.7.922.0">
  <Summary numSequencePoints="252" visitedSequencePoints="149" numBranchPoints="51" visitedBranchPoints="30" sequenceCoverage="59.13" branchCoverage="58.82" maxCyclomaticComplexity="6" minCyclomaticComplexity="1" maxCrapScore="17.19" minCrapScore="1.00" visitedClasses="4" numClasses="6" visitedMethods="22" numMethods="29" />
  <Modules>
    <Module skippedDueTo="Filter" hash="55-0E-29-16-B3-EB-4C-56-F0-D5-39-08-D9-18-AD-69-F1-64-D9-E8">
      <ModulePath>C:\WINDOWS\Microsoft.Net\assembly\GAC_64\mscorlib\v4.0_4.0.0.0__b77a5c561934e089\mscorlib.dll</ModulePath>
      <ModuleTime>2019-08-13T01:01:45.2535033Z</ModuleTime>
      <ModuleName>mscorlib</ModuleName>
      <Classes />
    </Module>
    <Module skippedDueTo="MissingPdb" hash="C3-AA-1C-1C-8E-82-1A-33-B0-D2-15-D7-67-2F-0B-23-E3-D3-35-BD">
      <ModulePath>C:\Reshma\FinalCertification\LatestFSEFinals\ProjectManagerWebAPI\packages\NUnit.ConsoleRunner.3.10.0\tools\nunit3-console.exe</ModulePath>
      <ModuleTime>2019-03-24T08:23:50Z</ModuleTime>
      <ModuleName>nunit3-console</ModuleName>
      <Classes />
    </Module>
    <Module skippedDueTo="Filter" hash="E5-59-C6-FC-25-3D-4F-63-13-7A-12-DC-C3-3E-F3-A8-9F-49-A3-D6">
      <ModulePath>C:\WINDOWS\Microsoft.Net\assembly\GAC_MSIL\System\v4.0_4.0.0.0__b77a5c561934e089\System.dll</ModulePath>
      <ModuleTime>2019-07-25T00:54:12.1077282Z</ModuleTime>
      <ModuleName>System</ModuleName>
      <Classes />
    </Module>
    <Module skippedDueTo="MissingPdb" hash="56-19-46-EE-B2-F2-BE-59-B4-C3-2F-4A-6E-93-59-8A-52-CC-E1-25">
      <ModulePath>C:\Reshma\FinalCertification\LatestFSEFinals\ProjectManagerWebAPI\packages\NUnit.ConsoleRunner.3.10.0\tools\nunit.engine.api.dll</ModulePath>
      <ModuleTime>2019-03-24T08:23:50Z</ModuleTime>
      <ModuleName>nunit.engine.api</ModuleName>
      <Classes />
    </Module>
    <Module skippedDueTo="MissingPdb" hash="F3-B1-83-1B-09-4C-8B-4B-4D-F1-AE-22-3B-BF-1C-83-85-41-B0-4C">
      <ModulePath>C:\Reshma\FinalCertification\LatestFSEFinals\ProjectManagerWebAPI\packages\NUnit.ConsoleRunner.3.10.0\tools\nunit.engine.dll</ModulePath>
      <ModuleTime>2019-03-24T08:23:50Z</ModuleTime>
      <ModuleName>nunit.engine</ModuleName>
      <Classes />
    </Module>
    <Module skippedDueTo="Filter" hash="C9-90-56-C8-34-0E-96-2A-07-09-EA-81-19-89-AB-9B-B6-6C-C4-D4">
      <ModulePath>C:\WINDOWS\Microsoft.Net\assembly\GAC_MSIL\System.Xml\v4.0_4.0.0.0__b77a5c561934e089\System.Xml.dll</ModulePath>
      <ModuleTime>2019-07-01T02:35:06.3915775Z</ModuleTime>
      <ModuleName>System.Xml</ModuleName>
      <Classes />
    </Module>
    <Module skippedDueTo="Filter" hash="1C-14-6C-36-24-44-FD-FE-0D-97-15-5C-7C-62-31-AE-F8-9D-95-A9">
      <ModulePath>C:\WINDOWS\Microsoft.Net\assembly\GAC_64\System.Web\v4.0_4.0.0.0__b03f5f7f11d50a3a\System.Web.dll</ModulePath>
      <ModuleTime>2019-05-24T22:51:26.8476704Z</ModuleTime>
      <ModuleName>System.Web</ModuleName>
      <Classes />
    </Module>
    <Module skippedDueTo="Filter" hash="99-11-EB-F5-78-AC-B1-38-60-82-1D-90-D3-48-FC-57-C0-00-EA-04">
      <ModulePath>C:\WINDOWS\Microsoft.Net\assembly\GAC_MSIL\System.Runtime.Remoting\v4.0_4.0.0.0__b77a5c561934e089\System.Runtime.Remoting.dll</ModulePath>
      <ModuleTime>2019-07-01T02:35:06.0831201Z</ModuleTime>
      <ModuleName>System.Runtime.Remoting</ModuleName>
      <Classes />
    </Module>
    <Module skippedDueTo="Filter" hash="9D-4A-D9-EF-6E-3C-A9-69-99-30-1A-B3-AA-5A-7C-F2-17-66-83-59">
      <ModulePath>C:\WINDOWS\Microsoft.Net\assembly\GAC_MSIL\System.Configuration\v4.0_4.0.0.0__b03f5f7f11d50a3a\System.Configuration.dll</ModulePath>
      <ModuleTime>2019-07-01T02:35:05.7829095Z</ModuleTime>
      <ModuleName>System.Configuration</ModuleName>
      <Classes />
    </Module>
    <Module skippedDueTo="MissingPdb" hash="8A-2E-8F-D6-9D-39-02-4A-2F-30-FC-06-42-F7-0F-A8-32-69-07-72">
      <ModulePath>C:\Reshma\FinalCertification\LatestFSEFinals\ProjectManagerWebAPI\packages\NUnit.ConsoleRunner.3.10.0\tools\Mono.Cecil.dll</ModulePath>
      <ModuleTime>2019-03-24T08:23:50Z</ModuleTime>
      <ModuleName>Mono.Cecil</ModuleName>
      <Classes />
    </Module>
    <Module skippedDueTo="MissingPdb" hash="DD-03-C0-F6-30-61-DA-66-3E-7C-57-4F-A1-08-5C-81-F5-6E-EF-AA">
      <ModulePath>C:\Reshma\FinalCertification\LatestFSEFinals\ProjectManagerWebAPI\packages\NUnit.ConsoleRunner.3.10.0\tools\nunit-agent.exe</ModulePath>
      <ModuleTime>2019-03-24T08:23:50Z</ModuleTime>
      <ModuleName>nunit-agent</ModuleName>
      <Classes />
    </Module>
    <Module hash="9B-2E-1C-9C-2D-F2-EF-54-0A-49-10-2E-FB-9D-3F-3C-92-2A-D1-72">
      <Summary numSequencePoints="0" visitedSequencePoints="0" numBranchPoints="0" visitedBranchPoints="0" sequenceCoverage="0" branchCoverage="0" maxCyclomaticComplexity="0" minCyclomaticComplexity="0" maxCrapScore="0" minCrapScore="0" visitedClasses="0" numClasses="0" visitedMethods="0" numMethods="0" />
      <ModulePath>C:\Reshma\FinalCertification\LatestFSEFinals\ProjectManagerWebAPI\ProjectManager.DataLayer.Tests\bin\Debug\nunit.framework.dll</ModulePath>
      <ModuleTime>2019-05-14T15:37:20Z</ModuleTime>
      <ModuleName>nunit.framework</ModuleName>
      <Files />
      <Classes>
        <Class skippedDueTo="Filter">
          <FullName>&lt;Module&gt;</FullName>
          <Methods />
        </Class>
        <Class skippedDueTo="Filter">
          <FullName>NUnit.FrameworkPackageSettings</FullName>
          <Methods />
        </Class>
        <Class skippedDueTo="Filter">
          <FullName>NUnit.Compatibility.AttributeHelper</FullName>
          <Methods />
        </Class>
        <Class skippedDueTo="Filter">
          <FullName>NUnit.Compatibility.LongLivedMarshalByRefObject</FullName>
          <Methods />
        </Class>
        <Class skippedDueTo="Filter">
          <FullName>NUnit.Framework.Assert</FullName>
          <Methods />
        </Class>
        <Class skippedDueTo="Delegate">
          <FullName>NUnit.Framework.TestDelegate</FullName>
          <Methods />
        </Class>
        <Class skippedDueTo="Delegate">
          <FullName>NUnit.Framework.AsyncTestDelegate</FullName>
          <Methods />
        </Class>
        <Class skippedDueTo="Filter">
          <FullName>NUnit.Framework.AssertionHelper</FullName>
          <Methods />
        </Class>
        <Class skippedDueTo="Filter">
          <FullName>NUnit.Framework.Assume</FullName>
          <Methods />
        </Class>
        <Class skippedDueTo="Filter">
          <FullName>NUnit.Framework.ApartmentAttribute</FullName>
          <Methods />
        </Class>
        <Class skippedDueTo="Filter">
          <FullName>NUnit.Framework.AuthorAttribute</FullName>
          <Methods />
        </Class>
        <Class skippedDueTo="Filter">
          <FullName>NUnit.Framework.CategoryAttribute</FullName>
          <Methods />
        </Class>
        <Class skippedDueTo="Filter">
          <FullName>NUnit.Framework.CombinatorialAttribute</FullName>
          <Methods />
        </Class>
        <Class skippedDueTo="Filter">
          <FullName>NUnit.Framework.CombiningStrategyAttribute</FullName>
          <Methods />
        </Class>
        <Class skippedDueTo="Filter">
          <FullName>NUnit.Framework.CultureAttribute</FullName>
          <Methods />
        </Class>
        <Class skippedDueTo="Filter">
          <FullName>NUnit.Framework.DataAttribute</FullName>
          <Methods />
        </Class>
        <Class skippedDueTo="Filter">
          <FullName>NUnit.Framework.DatapointAttribute</FullName>
          <Methods />
        </Class>
        <Class skippedDueTo="Filter">
          <FullName>NUnit.Framework.DatapointsAttribute</FullName>
          <Methods />
        </Class>
        <Class skippedDueTo="Filter">
          <FullName>NUnit.Framework.DatapointSourceAttribute</FullName>
          <Methods />
        </Class>
        <Class skippedDueTo="Filter">
          <FullName>NUnit.Framework.DefaultFloatingPointToleranceAttribute</FullName>
          <Methods />
        </Class>
        <Class skippedDueTo="Filter">
          <FullName>NUnit.Framework.DescriptionAttribute</FullName>
          <Methods />
        </Class>
        <Class skippedDueTo="Filter">
          <FullName>NUnit.Framework.ExplicitAttribute</FullName>
          <Methods />
        </Class>
        <Class skippedDueTo="Filter">
          <FullName>NUnit.Framework.IgnoreAttribute</FullName>
          <Methods />
        </Class>
        <Class skippedDueTo="Filter">
          <FullName>NUnit.Framework.IncludeExcludeAttribute</FullName>
          <Methods />
        </Class>
        <Class skippedDueTo="Filter">
          <FullName>NUnit.Framework.LevelOfParallelismAttribute</FullName>
          <Methods />
        </Class>
        <Class skippedDueTo="Filter">
          <FullName>NUnit.Framework.MaxTimeAttribute</FullName>
          <Methods />
        </Class>
        <Class skippedDueTo="Filter">
          <FullName>NUnit.Framework.NonParallelizableAttribute</FullName>
          <Methods />
        </Class>
        <Class skippedDueTo="Filter">
          <FullName>NUnit.Framework.NonTestAssemblyAttribute</FullName>
          <Methods />
        </Class>
        <Class skippedDueTo="Filter">
          <FullName>NUnit.Framework.NUnitAttribute</FullName>
          <Methods />
        </Class>
        <Class skippedDueTo="Filter">
          <FullName>NUnit.Framework.OneTimeSetUpAttribute</FullName>
          <Methods />
        </Class>
        <Class skippedDueTo="Filter">
          <FullName>NUnit.Framework.OneTimeTearDownAttribute</FullName>
          <Methods />
        </Class>
        <Class skippedDueTo="Filter">
          <FullName>NUnit.Framework.OrderAttribute</FullName>
          <Methods />
        </Class>
        <Class skippedDueTo="Filter">
          <FullName>NUnit.Framework.PairwiseAttribute</FullName>
          <Methods />
        </Class>
        <Class skippedDueTo="Filter">
          <FullName>NUnit.Framework.ParallelizableAttribute</FullName>
          <Methods />
        </Class>
        <Class skippedDueTo="Filter">
          <FullName>NUnit.Framework.PlatformAttribute</FullName>
          <Methods />
        </Class>
        <Class skippedDueTo="Filter">
          <FullName>NUnit.Framework.PropertyAttribute</FullName>
          <Methods />
        </Class>
        <Class skippedDueTo="Filter">
          <FullName>NUnit.Framework.RandomAttribute</FullName>
          <Methods />
        </Class>
        <Class skippedDueTo="Filter">
          <FullName>NUnit.Framework.RandomAttribute/RandomDataSource</FullName>
          <Methods />
        </Class>
        <Class skippedDueTo="Filter">
          <FullName>NUnit.Framework.RandomAttribute/RandomDataSource`1</FullName>
          <Methods />
        </Class>
        <Class skippedDueTo="Filter">
          <FullName>NUnit.Framework.RandomAttribute/RandomDataSource`1/&lt;GetData&gt;d__8</FullName>
          <Methods />
        </Class>
        <Class skippedDueTo="Filter">
          <FullName>NUnit.Framework.RandomAttribute/RandomDataConverter</FullName>
          <Methods />
        </Class>
        <Class skippedDueTo="Filter">
          <FullName>NUnit.Framework.RandomAttribute/RandomDataConverter/&lt;GetData&gt;d__2</FullName>
          <Methods />
        </Class>
        <Class skippedDueTo="Filter">
          <FullName>NUnit.Framework.RandomAttribute/IntDataSource</FullName>
          <Methods />
        </Class>
        <Class skippedDueTo="Filter">
          <FullName>NUnit.Framework.RandomAttribute/UIntDataSource</FullName>
          <Methods />
        </Class>
        <Class skippedDueTo="Filter">
          <FullName>NUnit.Framework.RandomAttribute/LongDataSource</FullName>
          <Methods />
        </Class>
        <Class skippedDueTo="Filter">
          <FullName>NUnit.Framework.RandomAttribute/ULongDataSource</FullName>
          <Methods />
        </Class>
        <Class skippedDueTo="Filter">
          <FullName>NUnit.Framework.RandomAttribute/ShortDataSource</FullName>
          <Methods />
        </Class>
        <Class skippedDueTo="Filter">
          <FullName>NUnit.Framework.RandomAttribute/UShortDataSource</FullName>
          <Methods />
        </Class>
        <Class skippedDueTo="Filter">
          <FullName>NUnit.Framework.RandomAttribute/DoubleDataSource</FullName>
          <Methods />
        </Class>
        <Class skippedDueTo="Filter">
          <FullName>NUnit.Framework.RandomAttribute/FloatDataSource</FullName>
          <Methods />
        </Class>
        <Class skippedDueTo="Filter">
          <FullName>NUnit.Framework.RandomAttribute/ByteDataSource</FullName>
          <Methods />
        </Class>
        <Class skippedDueTo="Filter">
          <FullName>NUnit.Framework.RandomAttribute/SByteDataSource</FullName>
          <Methods />
        </Class>
        <Class skippedDueTo="Filter">
          <FullName>NUnit.Framework.RandomAttribute/EnumDataSource</FullName>
          <Methods />
        </Class>
        <Class skippedDueTo="Filter">
          <FullName>NUnit.Framework.RandomAttribute/EnumDataSource/&lt;GetData&gt;d__3</FullName>
          <Methods />
        </Class>
        <Class skippedDueTo="Filter">
          <FullName>NUnit.Framework.RandomAttribute/DecimalDataSource</FullName>
          <Methods />
        </Class>
        <Class skippedDueTo="Filter">
          <FullName>NUnit.Framework.RangeAttribute</FullName>
          <Methods />
        </Class>
        <Class skippedDueTo="Filter">
          <FullName>NUnit.Framework.RepeatAttribute</FullName>
          <Methods />
        </Class>
        <Class skippedDueTo="Filter">
          <FullName>NUnit.Framework.RepeatAttribute/RepeatedTestCommand</FullName>
          <Methods />
        </Class>
        <Class skippedDueTo="Filter">
          <FullName>NUnit.Framework.RequiresThreadAttribute</FullName>
          <Methods />
        </Class>
        <Class skippedDueTo="Filter">
          <FullName>NUnit.Framework.RetryAttribute</FullName>
          <Methods />
        </Class>
        <Class skippedDueTo="Filter">
          <FullName>NUnit.Framework.RetryAttribute/RetryCommand</FullName>
          <Methods />
        </Class>
        <Class skippedDueTo="Filter">
          <FullName>NUnit.Framework.SequentialAttribute</FullName>
          <Methods />
        </Class>
        <Class skippedDueTo="Filter">
          <FullName>NUnit.Framework.SetCultureAttribute</FullName>
          <Methods />
        </Class>
        <Class skippedDueTo="Filter">
          <FullName>NUnit.Framework.SetUICultureAttribute</FullName>
          <Methods />
        </Class>
        <Class skippedDueTo="Filter">
          <FullName>NUnit.Framework.SetUpAttribute</FullName>
          <Methods />
        </Class>
        <Class skippedDueTo="Filter">
          <FullName>NUnit.Framework.SetUpFixtureAttribute</FullName>
          <Methods />
        </Class>
        <Class skippedDueTo="Filter">
          <FullName>NUnit.Framework.SingleThreadedAttribute</FullName>
          <Methods />
        </Class>
        <Class skippedDueTo="Filter">
          <FullName>NUnit.Framework.TearDownAttribute</FullName>
          <Methods />
        </Class>
        <Class skippedDueTo="Filter">
          <FullName>NUnit.Framework.TestActionAttribute</FullName>
          <Methods />
        </Class>
        <Class skippedDueTo="Filter">
          <FullName>NUnit.Framework.TestAssemblyDirectoryResolveAttribute</FullName>
          <Methods />
        </Class>
        <Class skippedDueTo="Filter">
          <FullName>NUnit.Framework.TestAttribute</FullName>
          <Methods />
        </Class>
        <Class skippedDueTo="Filter">
          <FullName>NUnit.Framework.TestCaseAttribute</FullName>
          <Methods />
        </Class>
        <Class skippedDueTo="Filter">
          <FullName>NUnit.Framework.TestCaseAttribute/&lt;BuildFrom&gt;d__61</FullName>
          <Methods />
        </Class>
        <Class skippedDueTo="Filter">
          <FullName>NUnit.Framework.TestCaseSourceAttribute</FullName>
          <Methods />
        </Class>
        <Class skippedDueTo="Filter">
          <FullName>NUnit.Framework.TestCaseSourceAttribute/&lt;BuildFrom&gt;d__19</FullName>
          <Methods />
        </Class>
        <Class skippedDueTo="Filter">
          <FullName>NUnit.Framework.TestFixtureAttribute</FullName>
          <Methods />
        </Class>
        <Class skippedDueTo="Filter">
          <FullName>NUnit.Framework.TestFixtureAttribute/&lt;BuildFrom&gt;d__46</FullName>
          <Methods />
        </Class>
        <Class skippedDueTo="Filter">
          <FullName>NUnit.Framework.TestFixtureAttribute/&lt;BuildFrom&gt;d__47</FullName>
          <Methods />
        </Class>
        <Class skippedDueTo="Filter">
          <FullName>NUnit.Framework.TestFixtureSourceAttribute</FullName>
          <Methods />
        </Class>
        <Class skippedDueTo="Filter">
          <FullName>NUnit.Framework.TestFixtureSourceAttribute/&lt;BuildFrom&gt;d__16</FullName>
          <Methods />
        </Class>
        <Class skippedDueTo="Filter">
          <FullName>NUnit.Framework.TestOfAttribute</FullName>
          <Methods />
        </Class>
        <Class skippedDueTo="Filter">
          <FullName>NUnit.Framework.TheoryAttribute</FullName>
          <Methods />
        </Class>
        <Class skippedDueTo="Filter">
          <FullName>NUnit.Framework.TimeoutAttribute</FullName>
          <Methods />
        </Class>
        <Class skippedDueTo="Filter">
          <FullName>NUnit.Framework.ValuesAttribute</FullName>
          <Methods />
        </Class>
        <Class skippedDueTo="Filter">
          <FullName>NUnit.Framework.ValueSourceAttribute</FullName>
          <Methods />
        </Class>
        <Class skippedDueTo="Filter">
          <FullName>NUnit.Framework.CollectionAssert</FullName>
          <Methods />
        </Class>
        <Class skippedDueTo="Filter">
          <FullName>NUnit.Framework.Contains</FullName>
          <Methods />
        </Class>
        <Class skippedDueTo="Filter">
          <FullName>NUnit.Framework.DirectoryAssert</FullName>
          <Methods />
        </Class>
        <Class skippedDueTo="Filter">
          <FullName>NUnit.Framework.Does</FullName>
          <Methods />
        </Class>
        <Class skippedDueTo="Filter">
          <FullName>NUnit.Framework.AssertionException</FullName>
          <Methods />
        </Class>
        <Class skippedDueTo="Filter">
          <FullName>NUnit.Framework.IgnoreException</FullName>
          <Methods />
        </Class>
        <Class skippedDueTo="Filter">
          <FullName>NUnit.Framework.InconclusiveException</FullName>
          <Methods />
        </Class>
        <Class skippedDueTo="Filter">
          <FullName>NUnit.Framework.MultipleAssertException</FullName>
          <Methods />
        </Class>
        <Class skippedDueTo="Filter">
          <FullName>NUnit.Framework.ResultStateException</FullName>
          <Methods />
        </Class>
        <Class skippedDueTo="Filter">
          <FullName>NUnit.Framework.SuccessException</FullName>
          <Methods />
        </Class>
        <Class skippedDueTo="Filter">
          <FullName>NUnit.Framework.Extensions</FullName>
          <Methods />
        </Class>
        <Class skippedDueTo="Filter">
          <FullName>NUnit.Framework.Extensions/&lt;Skip&gt;d__6</FullName>
          <Methods />
        </Class>
        <Class skippedDueTo="Filter">
          <FullName>NUnit.Framework.FileAssert</FullName>
          <Methods />
        </Class>
        <Class skippedDueTo="Filter">
          <FullName>NUnit.Framework.Guard</FullName>
          <Methods />
        </Class>
        <Class skippedDueTo="Filter">
          <FullName>NUnit.Framework.Has</FullName>
          <Methods />
        </Class>
        <Class skippedDueTo="Filter">
          <FullName>NUnit.Framework.Is</FullName>
          <Methods />
        </Class>
        <Class skippedDueTo="Filter">
          <FullName>NUnit.Framework.Iz</FullName>
          <Methods />
        </Class>
        <Class skippedDueTo="Filter">
          <FullName>NUnit.Framework.List</FullName>
          <Methods />
        </Class>
        <Class skippedDueTo="Filter">
          <FullName>NUnit.Framework.ListMapper</FullName>
          <Methods />
        </Class>
        <Class skippedDueTo="Filter">
          <FullName>NUnit.Framework.StringAssert</FullName>
          <Methods />
        </Class>
        <Class skippedDueTo="Filter">
          <FullName>NUnit.Framework.TestCaseData</FullName>
          <Methods />
        </Class>
        <Class skippedDueTo="Filter">
          <FullName>NUnit.Framework.TestContext</FullName>
          <Methods />
        </Class>
        <Class skippedDueTo="Filter">
          <FullName>NUnit.Framework.TestContext/TestAdapter</FullName>
          <Methods />
        </Class>
        <Class skippedDueTo="Filter">
          <FullName>NUnit.Framework.TestContext/ResultAdapter</FullName>
          <Methods />
        </Class>
        <Class skippedDueTo="Filter">
          <FullName>NUnit.Framework.TestContext/PropertyBagAdapter</FullName>
          <Methods />
        </Class>
        <Class skippedDueTo="Filter">
          <FullName>NUnit.Framework.TestContext/&lt;&gt;c__DisplayClass63_0`1</FullName>
          <Methods />
        </Class>
        <Class skippedDueTo="Filter">
          <FullName>NUnit.Framework.TestContext/&lt;&gt;c__DisplayClass63_1`1</FullName>
          <Methods />
        </Class>
        <Class skippedDueTo="Filter">
          <FullName>NUnit.Framework.TestFixtureData</FullName>
          <Methods />
        </Class>
        <Class skippedDueTo="Filter">
          <FullName>NUnit.Framework.TestParameters</FullName>
          <Methods />
        </Class>
        <Class skippedDueTo="Filter">
          <FullName>NUnit.Framework.Throws</FullName>
          <Methods />
        </Class>
        <Class skippedDueTo="Filter">
          <FullName>NUnit.Framework.Warn</FullName>
          <Methods />
        </Class>
        <Class skippedDueTo="Filter">
          <FullName>NUnit.Framework.Internal.AssemblyHelper</FullName>
          <Methods />
        </Class>
        <Class skippedDueTo="Filter">
          <FullName>NUnit.Framework.Internal.AsyncToSyncAdapter</FullName>
          <Methods />
        </Class>
        <Class skippedDueTo="Filter">
          <FullName>NUnit.Framework.Internal.AsyncToSyncAdapter/&lt;&gt;c</FullName>
          <Methods />
        </Class>
        <Class skippedDueTo="Filter">
          <FullName>NUnit.Framework.Internal.AsyncToSyncAdapter/&lt;&gt;c__DisplayClass3_0</FullName>
          <Methods />
        </Class>
        <Class skippedDueTo="Filter">
          <FullName>NUnit.Framework.Internal.AsyncToSyncAdapter/&lt;&gt;c__DisplayClass3_1</FullName>
          <Methods />
        </Class>
        <Class skippedDueTo="Filter">
          <FullName>NUnit.Framework.Internal.AwaitAdapter</FullName>
          <Methods />
        </Class>
        <Class skippedDueTo="Filter">
          <FullName>NUnit.Framework.Internal.ConstraintUtils</FullName>
          <Methods />
        </Class>
        <Class skippedDueTo="Filter">
          <FullName>NUnit.Framework.Internal.CSharpPatternBasedAwaitAdapter</FullName>
          <Methods />
        </Class>
        <Class skippedDueTo="Filter">
          <FullName>NUnit.Framework.Internal.CSharpPatternBasedAwaitAdapter/AwaitShapeInfo</FullName>
          <Methods />
        </Class>
        <Class skippedDueTo="Filter">
          <FullName>NUnit.Framework.Internal.CSharpPatternBasedAwaitAdapter/ReflectionAdapter</FullName>
          <Methods />
        </Class>
        <Class skippedDueTo="Filter">
          <FullName>NUnit.Framework.Internal.CultureDetector</FullName>
          <Methods />
        </Class>
        <Class skippedDueTo="Filter">
          <FullName>NUnit.Framework.Internal.DefaultBlockingAwaitAdapter</FullName>
          <Methods />
        </Class>
        <Class skippedDueTo="Filter">
          <FullName>NUnit.Framework.Internal.ExceptionHelper</FullName>
          <Methods />
        </Class>
        <Class skippedDueTo="Filter">
          <FullName>NUnit.Framework.Internal.TextMessageWriter</FullName>
          <Methods />
        </Class>
        <Class skippedDueTo="Filter">
          <FullName>NUnit.Framework.Internal.GenericMethodHelper</FullName>
          <Methods />
        </Class>
        <Class skippedDueTo="Filter">
          <FullName>NUnit.Framework.Internal.GenericMethodHelper/ConflictingTypesMarkerClass</FullName>
          <Methods />
        </Class>
        <Class skippedDueTo="Filter">
          <FullName>NUnit.Framework.Internal.InvalidDataSourceException</FullName>
          <Methods />
        </Class>
        <Class skippedDueTo="Filter">
          <FullName>NUnit.Framework.Internal.InvalidPlatformException</FullName>
          <Methods />
        </Class>
        <Class skippedDueTo="Filter">
          <FullName>NUnit.Framework.Internal.InvalidTestFixtureException</FullName>
          <Methods />
        </Class>
        <Class skippedDueTo="Filter">
          <FullName>NUnit.Framework.Internal.InternalTrace</FullName>
          <Methods />
        </Class>
        <Class skippedDueTo="Filter">
          <FullName>NUnit.Framework.Internal.InternalTraceWriter</FullName>
          <Methods />
        </Class>
        <Class skippedDueTo="Filter">
          <FullName>NUnit.Framework.Internal.Logger</FullName>
          <Methods />
        </Class>
        <Class skippedDueTo="Filter">
          <FullName>NUnit.Framework.Internal.MessagePumpStrategy</FullName>
          <Methods />
        </Class>
        <Class skippedDueTo="Filter">
          <FullName>NUnit.Framework.Internal.MessagePumpStrategy/NoMessagePumpStrategy</FullName>
          <Methods />
        </Class>
        <Class skippedDueTo="Filter">
          <FullName>NUnit.Framework.Internal.MessagePumpStrategy/WindowsFormsMessagePumpStrategy</FullName>
          <Methods />
        </Class>
        <Class skippedDueTo="Filter">
          <FullName>NUnit.Framework.Internal.MessagePumpStrategy/WindowsFormsMessagePumpStrategy/&lt;&gt;c</FullName>
          <Methods />
        </Class>
        <Class skippedDueTo="Filter">
          <FullName>NUnit.Framework.Internal.MessagePumpStrategy/WpfMessagePumpStrategy</FullName>
          <Methods />
        </Class>
        <Class skippedDueTo="Filter">
          <FullName>NUnit.Framework.Internal.MessagePumpStrategy/WpfMessagePumpStrategy/&lt;&gt;c</FullName>
          <Methods />
        </Class>
        <Class skippedDueTo="Filter">
          <FullName>NUnit.Framework.Internal.MessagePumpStrategy/SingleThreadedTestMessagePumpStrategy</FullName>
          <Methods />
        </Class>
        <Class skippedDueTo="Filter">
          <FullName>NUnit.Framework.Internal.MessagePumpStrategy/SingleThreadedTestMessagePumpStrategy/&lt;&gt;c__DisplayClass2_0</FullName>
          <Methods />
        </Class>
        <Class skippedDueTo="Filter">
          <FullName>NUnit.Framework.Internal.MessagePumpStrategy/&lt;&gt;c__DisplayClass6_0</FullName>
          <Methods />
        </Class>
        <Class skippedDueTo="Filter">
          <FullName>NUnit.Framework.Internal.MessagePumpStrategy/&lt;&gt;c</FullName>
          <Methods />
        </Class>
        <Class skippedDueTo="Filter">
          <FullName>NUnit.Framework.Internal.MethodWrapper</FullName>
          <Methods />
        </Class>
        <Class skippedDueTo="Filter">
          <FullName>NUnit.Framework.Internal.NUnitCallContext</FullName>
          <Methods />
        </Class>
        <Class skippedDueTo="Filter">
          <FullName>NUnit.Framework.Internal.NUnitException</FullName>
          <Methods />
        </Class>
        <Class skippedDueTo="Filter">
          <FullName>NUnit.Framework.Internal.On</FullName>
          <Methods />
        </Class>
        <Class skippedDueTo="Filter">
          <FullName>NUnit.Framework.Internal.On/DisposableAction</FullName>
          <Methods />
        </Class>
        <Class skippedDueTo="Filter">
          <FullName>NUnit.Framework.Internal.OSPlatform</FullName>
          <Methods />
        </Class>
        <Class skippedDueTo="Filter">
          <FullName>NUnit.Framework.Internal.OSPlatform/&lt;&gt;c</FullName>
          <Methods />
        </Class>
        <Class skippedDueTo="Filter">
          <FullName>NUnit.Framework.Internal.ParamAttributeTypeConversions</FullName>
          <Methods />
        </Class>
        <Class skippedDueTo="Filter">
          <FullName>NUnit.Framework.Internal.ParameterWrapper</FullName>
          <Methods />
        </Class>
        <Class skippedDueTo="Filter">
          <FullName>NUnit.Framework.Internal.PlatformHelper</FullName>
          <Methods />
        </Class>
        <Class skippedDueTo="Filter">
          <FullName>NUnit.Framework.Internal.PreFilter</FullName>
          <Methods />
        </Class>
        <Class skippedDueTo="Filter">
          <FullName>NUnit.Framework.Internal.PreFilter/FilterElement</FullName>
          <Methods />
        </Class>
        <Class skippedDueTo="Filter">
          <FullName>NUnit.Framework.Internal.PropertyBag</FullName>
          <Methods />
        </Class>
        <Class skippedDueTo="Filter">
          <FullName>NUnit.Framework.Internal.PropertyNames</FullName>
          <Methods />
        </Class>
        <Class skippedDueTo="Filter">
          <FullName>NUnit.Framework.Internal.Randomizer</FullName>
          <Methods />
        </Class>
        <Class skippedDueTo="Filter">
          <FullName>NUnit.Framework.Internal.Reflect</FullName>
          <Methods />
        </Class>
        <Class skippedDueTo="Filter">
          <FullName>NUnit.Framework.Internal.Reflect/BaseTypesFirstComparer</FullName>
          <Methods />
        </Class>
        <Class skippedDueTo="Filter">
          <FullName>NUnit.Framework.Internal.Reflect/&lt;&gt;c__DisplayClass8_0</FullName>
          <Methods />
        </Class>
        <Class skippedDueTo="Filter">
          <FullName>NUnit.Framework.Internal.Reflect/&lt;&gt;c__DisplayClass11_0</FullName>
          <Methods />
        </Class>
        <Class skippedDueTo="Filter">
          <FullName>NUnit.Framework.Internal.Reflect/&lt;TypeAndBaseTypes&gt;d__17</FullName>
          <Methods />
        </Class>
        <Class skippedDueTo="Filter">
          <FullName>NUnit.Framework.Internal.Reflect/&lt;&gt;c__DisplayClass18_0</FullName>
          <Methods />
        </Class>
        <Class skippedDueTo="Filter">
          <FullName>NUnit.Framework.Internal.Reflect/&lt;&gt;c__DisplayClass19_0</FullName>
          <Methods />
        </Class>
        <Class skippedDueTo="Filter">
          <FullName>NUnit.Framework.Internal.TestCaseResult</FullName>
          <Methods />
        </Class>
        <Class skippedDueTo="Filter">
          <FullName>NUnit.Framework.Internal.TestResult</FullName>
          <Methods />
        </Class>
        <Class skippedDueTo="Filter">
          <FullName>NUnit.Framework.Internal.TestResult/&lt;&gt;c</FullName>
          <Methods />
        </Class>
        <Class skippedDueTo="Filter">
          <FullName>NUnit.Framework.Internal.TestSuiteResult</FullName>
          <Methods />
        </Class>
        <Class skippedDueTo="Filter">
          <FullName>NUnit.Framework.Internal.RuntimeFramework</FullName>
          <Methods />
        </Class>
        <Class skippedDueTo="Filter">
          <FullName>NUnit.Framework.Internal.RuntimeFramework/&lt;&gt;c__DisplayClass30_0</FullName>
          <Methods />
        </Class>
        <Class skippedDueTo="Filter">
          <FullName>NUnit.Framework.Internal.RuntimeFramework/&lt;&gt;c</FullName>
          <Methods />
        </Class>
        <Class skippedDueTo="Filter">
          <FullName>NUnit.Framework.Internal.SandboxedThreadState</FullName>
          <Methods />
        </Class>
        <Class skippedDueTo="Filter">
          <FullName>NUnit.Framework.Internal.SingleThreadedTestSynchronizationContext</FullName>
          <Methods />
        </Class>
        <Class skippedDueTo="Filter">
          <FullName>NUnit.Framework.Internal.StackFilter</FullName>
          <Methods />
        </Class>
        <Class skippedDueTo="Filter">
          <FullName>NUnit.Framework.Internal.StringUtil</FullName>
          <Methods />
        </Class>
        <Class skippedDueTo="Filter">
          <FullName>NUnit.Framework.Internal.TaskAwaitAdapter</FullName>
          <Methods />
        </Class>
        <Class skippedDueTo="Filter">
          <FullName>NUnit.Framework.Internal.TaskAwaitAdapter/NonGenericAdapter</FullName>
          <Methods />
        </Class>
        <Class skippedDueTo="Filter">
          <FullName>NUnit.Framework.Internal.TaskAwaitAdapter/GenericAdapter`1</FullName>
          <Methods />
        </Class>
        <Class skippedDueTo="Filter">
          <FullName>NUnit.Framework.Internal.TaskAwaitAdapter/&lt;&gt;c</FullName>
          <Methods />
        </Class>
        <Class skippedDueTo="Filter">
          <FullName>NUnit.Framework.Internal.TestCaseParameters</FullName>
          <Methods />
        </Class>
        <Class skippedDueTo="Filter">
          <FullName>NUnit.Framework.Internal.TestCaseTimeoutException</FullName>
          <Methods />
        </Class>
        <Class skippedDueTo="Filter">
          <FullName>NUnit.Framework.Internal.TestExecutionContext</FullName>
          <Methods />
        </Class>
        <Class skippedDueTo="Filter">
          <FullName>NUnit.Framework.Internal.TestExecutionContext/IsolatedContext</FullName>
          <Methods />
        </Class>
        <Class skippedDueTo="Filter">
          <FullName>NUnit.Framework.Internal.TestExecutionContext/AdhocContext</FullName>
          <Methods />
        </Class>
        <Class skippedDueTo="Filter">
          <FullName>NUnit.Framework.Internal.TestExecutionContext/&lt;&gt;c</FullName>
          <Methods />
        </Class>
        <Class skippedDueTo="Filter">
          <FullName>NUnit.Framework.Internal.TestFilter</FullName>
          <Methods />
        </Class>
        <Class skippedDueTo="Filter">
          <FullName>NUnit.Framework.Internal.TestFilter/EmptyFilter</FullName>
          <Methods />
        </Class>
        <Class skippedDueTo="Filter">
          <FullName>NUnit.Framework.Internal.TestFixtureParameters</FullName>
          <Methods />
        </Class>
        <Class skippedDueTo="Filter">
          <FullName>NUnit.Framework.Internal.TestListener</FullName>
          <Methods />
        </Class>
        <Class skippedDueTo="Filter">
          <FullName>NUnit.Framework.Internal.TestNameGenerator</FullName>
          <Methods />
        </Class>
        <Class skippedDueTo="Filter">
          <FullName>NUnit.Framework.Internal.TestNameGenerator/NameFragment</FullName>
          <Methods />
        </Class>
        <Class skippedDueTo="Filter">
          <FullName>NUnit.Framework.Internal.TestNameGenerator/TestIDFragment</FullName>
          <Methods />
        </Class>
        <Class skippedDueTo="Filter">
          <FullName>NUnit.Framework.Internal.TestNameGenerator/FixedTextFragment</FullName>
          <Methods />
        </Class>
        <Class skippedDueTo="Filter">
          <FullName>NUnit.Framework.Internal.TestNameGenerator/MethodNameFragment</FullName>
          <Methods />
        </Class>
        <Class skippedDueTo="Filter">
          <FullName>NUnit.Framework.Internal.TestNameGenerator/NamespaceFragment</FullName>
          <Methods />
        </Class>
        <Class skippedDueTo="Filter">
          <FullName>NUnit.Framework.Internal.TestNameGenerator/MethodFullNameFragment</FullName>
          <Methods />
        </Class>
        <Class skippedDueTo="Filter">
          <FullName>NUnit.Framework.Internal.TestNameGenerator/ClassNameFragment</FullName>
          <Methods />
        </Class>
        <Class skippedDueTo="Filter">
          <FullName>NUnit.Framework.Internal.TestNameGenerator/ClassFullNameFragment</FullName>
          <Methods />
        </Class>
        <Class skippedDueTo="Filter">
          <FullName>NUnit.Framework.Internal.TestNameGenerator/ArgListFragment</FullName>
          <Methods />
        </Class>
        <Class skippedDueTo="Filter">
          <FullName>NUnit.Framework.Internal.TestNameGenerator/ArgumentFragment</FullName>
          <Methods />
        </Class>
        <Class skippedDueTo="Filter">
          <FullName>NUnit.Framework.Internal.TestParameters</FullName>
          <Methods />
        </Class>
        <Class skippedDueTo="Filter">
          <FullName>NUnit.Framework.Internal.TestProgressReporter</FullName>
          <Methods />
        </Class>
        <Class skippedDueTo="Filter">
          <FullName>NUnit.Framework.Internal.ParameterizedFixtureSuite</FullName>
          <Methods />
        </Class>
        <Class skippedDueTo="Filter">
          <FullName>NUnit.Framework.Internal.ParameterizedMethodSuite</FullName>
          <Methods />
        </Class>
        <Class skippedDueTo="Filter">
          <FullName>NUnit.Framework.Internal.SetUpFixture</FullName>
          <Methods />
        </Class>
        <Class skippedDueTo="Filter">
          <FullName>NUnit.Framework.Internal.Test</FullName>
          <Methods />
        </Class>
        <Class skippedDueTo="Filter">
          <FullName>NUnit.Framework.Internal.TestAssembly</FullName>
          <Methods />
        </Class>
        <Class skippedDueTo="Filter">
          <FullName>NUnit.Framework.Internal.TestFixture</FullName>
          <Methods />
        </Class>
        <Class skippedDueTo="Filter">
          <FullName>NUnit.Framework.Internal.TestMethod</FullName>
          <Methods />
        </Class>
        <Class skippedDueTo="Filter">
          <FullName>NUnit.Framework.Internal.TestSuite</FullName>
          <Methods />
        </Class>
        <Class skippedDueTo="Filter">
          <FullName>NUnit.Framework.Internal.ThreadUtility</FullName>
          <Methods />
        </Class>
        <Class skippedDueTo="Filter">
          <FullName>NUnit.Framework.Internal.ThreadUtility/DelayClosure</FullName>
          <Methods />
        </Class>
        <Class skippedDueTo="Filter">
          <FullName>NUnit.Framework.Internal.ThreadUtility/CheckOnAbortingThreadState</FullName>
          <Methods />
        </Class>
        <Class skippedDueTo="Filter">
          <FullName>NUnit.Framework.Internal.TypeHelper</FullName>
          <Methods />
        </Class>
        <Class skippedDueTo="Filter">
          <FullName>NUnit.Framework.Internal.TypeNameDifferenceResolver</FullName>
          <Methods />
        </Class>
        <Class skippedDueTo="Filter">
          <FullName>NUnit.Framework.Internal.TypeNameDifferenceResolver/&lt;&gt;c__DisplayClass3_0</FullName>
          <Methods />
        </Class>
        <Class skippedDueTo="Filter">
          <FullName>NUnit.Framework.Internal.TypeWrapper</FullName>
          <Methods />
        </Class>
        <Class skippedDueTo="Filter">
          <FullName>NUnit.Framework.Internal.ValueGenerator</FullName>
          <Methods />
        </Class>
        <Class skippedDueTo="Filter">
          <FullName>NUnit.Framework.Internal.ValueGenerator/ByteValueGenerator</FullName>
          <Methods />
        </Class>
        <Class skippedDueTo="Filter">
          <FullName>NUnit.Framework.Internal.ValueGenerator/ByteValueGenerator/&lt;&gt;c</FullName>
          <Methods />
        </Class>
        <Class skippedDueTo="Filter">
          <FullName>NUnit.Framework.Internal.ValueGenerator/Step</FullName>
          <Methods />
        </Class>
        <Class skippedDueTo="Filter">
          <FullName>NUnit.Framework.Internal.ValueGenerator/DecimalValueGenerator</FullName>
          <Methods />
        </Class>
        <Class skippedDueTo="Filter">
          <FullName>NUnit.Framework.Internal.ValueGenerator/DecimalValueGenerator/&lt;&gt;c</FullName>
          <Methods />
        </Class>
        <Class skippedDueTo="Filter">
          <FullName>NUnit.Framework.Internal.ValueGenerator/DefaultValueGenerator`1</FullName>
          <Methods />
        </Class>
        <Class skippedDueTo="Filter">
          <FullName>NUnit.Framework.Internal.ValueGenerator/DoubleValueGenerator</FullName>
          <Methods />
        </Class>
        <Class skippedDueTo="Filter">
          <FullName>NUnit.Framework.Internal.ValueGenerator/DoubleValueGenerator/&lt;&gt;c</FullName>
          <Methods />
        </Class>
        <Class skippedDueTo="Filter">
          <FullName>NUnit.Framework.Internal.ValueGenerator/Int16ValueGenerator</FullName>
          <Methods />
        </Class>
        <Class skippedDueTo="Filter">
          <FullName>NUnit.Framework.Internal.ValueGenerator/Int16ValueGenerator/&lt;&gt;c</FullName>
          <Methods />
        </Class>
        <Class skippedDueTo="Filter">
          <FullName>NUnit.Framework.Internal.ValueGenerator/Int32ValueGenerator</FullName>
          <Methods />
        </Class>
        <Class skippedDueTo="Filter">
          <FullName>NUnit.Framework.Internal.ValueGenerator/Int32ValueGenerator/&lt;&gt;c</FullName>
          <Methods />
        </Class>
        <Class skippedDueTo="Filter">
          <FullName>NUnit.Framework.Internal.ValueGenerator/Int64ValueGenerator</FullName>
          <Methods />
        </Class>
        <Class skippedDueTo="Filter">
          <FullName>NUnit.Framework.Internal.ValueGenerator/Int64ValueGenerator/&lt;&gt;c</FullName>
          <Methods />
        </Class>
        <Class skippedDueTo="Filter">
          <FullName>NUnit.Framework.Internal.ValueGenerator/SByteValueGenerator</FullName>
          <Methods />
        </Class>
        <Class skippedDueTo="Filter">
          <FullName>NUnit.Framework.Internal.ValueGenerator/SByteValueGenerator/&lt;&gt;c</FullName>
          <Methods />
        </Class>
        <Class skippedDueTo="Filter">
          <FullName>NUnit.Framework.Internal.ValueGenerator/SingleValueGenerator</FullName>
          <Methods />
        </Class>
        <Class skippedDueTo="Filter">
          <FullName>NUnit.Framework.Internal.ValueGenerator/SingleValueGenerator/&lt;&gt;c</FullName>
          <Methods />
        </Class>
        <Class skippedDueTo="Filter">
          <FullName>NUnit.Framework.Internal.ValueGenerator/UInt16ValueGenerator</FullName>
          <Methods />
        </Class>
        <Class skippedDueTo="Filter">
          <FullName>NUnit.Framework.Internal.ValueGenerator/UInt16ValueGenerator/&lt;&gt;c</FullName>
          <Methods />
        </Class>
        <Class skippedDueTo="Filter">
          <FullName>NUnit.Framework.Internal.ValueGenerator/UInt32ValueGenerator</FullName>
          <Methods />
        </Class>
        <Class skippedDueTo="Filter">
          <FullName>NUnit.Framework.Internal.ValueGenerator/UInt32ValueGenerator/&lt;&gt;c</FullName>
          <Methods />
        </Class>
        <Class skippedDueTo="Filter">
          <FullName>NUnit.Framework.Internal.ValueGenerator/UInt64ValueGenerator</FullName>
          <Methods />
        </Class>
        <Class skippedDueTo="Filter">
          <FullName>NUnit.Framework.Internal.ValueGenerator/UInt64ValueGenerator/&lt;&gt;c</FullName>
          <Methods />
        </Class>
        <Class skippedDueTo="Filter">
          <FullName>NUnit.Framework.Internal.ValueGenerator/&lt;&gt;c</FullName>
          <Methods />
        </Class>
        <Class skippedDueTo="Filter">
          <FullName>NUnit.Framework.Internal.ValueGenerator`1</FullName>
          <Methods />
        </Class>
        <Class skippedDueTo="Filter">
          <FullName>NUnit.Framework.Internal.ValueGenerator`1/ComparableStep`1</FullName>
          <Methods />
        </Class>
        <Class skippedDueTo="Filter">
          <FullName>NUnit.Framework.Internal.ValueGenerator`1/Step</FullName>
          <Methods />
        </Class>
        <Class skippedDueTo="Filter">
          <FullName>NUnit.Framework.Internal.ValueGenerator`1/&lt;GenerateRange&gt;d__2</FullName>
          <Methods />
        </Class>
        <Class skippedDueTo="Filter">
          <FullName>NUnit.Framework.Internal.Filters.AndFilter</FullName>
          <Methods />
        </Class>
        <Class skippedDueTo="Filter">
          <FullName>NUnit.Framework.Internal.Filters.CategoryFilter</FullName>
          <Methods />
        </Class>
        <Class skippedDueTo="Filter">
          <FullName>NUnit.Framework.Internal.Filters.ClassNameFilter</FullName>
          <Methods />
        </Class>
        <Class skippedDueTo="Filter">
          <FullName>NUnit.Framework.Internal.Filters.CompositeFilter</FullName>
          <Methods />
        </Class>
        <Class skippedDueTo="Filter">
          <FullName>NUnit.Framework.Internal.Filters.FullNameFilter</FullName>
          <Methods />
        </Class>
        <Class skippedDueTo="Filter">
          <FullName>NUnit.Framework.Internal.Filters.IdFilter</FullName>
          <Methods />
        </Class>
        <Class skippedDueTo="Filter">
          <FullName>NUnit.Framework.Internal.Filters.MethodNameFilter</FullName>
          <Methods />
        </Class>
        <Class skippedDueTo="Filter">
          <FullName>NUnit.Framework.Internal.Filters.NamespaceFilter</FullName>
          <Methods />
        </Class>
        <Class skippedDueTo="Filter">
          <FullName>NUnit.Framework.Internal.Filters.NotFilter</FullName>
          <Methods />
        </Class>
        <Class skippedDueTo="Filter">
          <FullName>NUnit.Framework.Internal.Filters.OrFilter</FullName>
          <Methods />
        </Class>
        <Class skippedDueTo="Filter">
          <FullName>NUnit.Framework.Internal.Filters.PropertyFilter</FullName>
          <Methods />
        </Class>
        <Class skippedDueTo="Filter">
          <FullName>NUnit.Framework.Internal.Filters.TestNameFilter</FullName>
          <Methods />
        </Class>
        <Class skippedDueTo="Filter">
          <FullName>NUnit.Framework.Internal.Filters.ValueMatchFilter</FullName>
          <Methods />
        </Class>
        <Class skippedDueTo="Filter">
          <FullName>NUnit.Framework.Internal.Execution.CompositeWorkItem</FullName>
          <Methods />
        </Class>
        <Class skippedDueTo="Filter">
          <FullName>NUnit.Framework.Internal.Execution.CompositeWorkItem/OneTimeTearDownWorkItem</FullName>
          <Methods />
        </Class>
        <Class skippedDueTo="Filter">
          <FullName>NUnit.Framework.Internal.Execution.EventListenerTextWriter</FullName>
          <Methods />
        </Class>
        <Class skippedDueTo="Filter">
          <FullName>NUnit.Framework.Internal.Execution.EventPump</FullName>
          <Methods />
        </Class>
        <Class skippedDueTo="Filter">
          <FullName>NUnit.Framework.Internal.Execution.Event</FullName>
          <Methods />
        </Class>
        <Class skippedDueTo="Filter">
          <FullName>NUnit.Framework.Internal.Execution.TestStartedEvent</FullName>
          <Methods />
        </Class>
        <Class skippedDueTo="Filter">
          <FullName>NUnit.Framework.Internal.Execution.TestFinishedEvent</FullName>
          <Methods />
        </Class>
        <Class skippedDueTo="Filter">
          <FullName>NUnit.Framework.Internal.Execution.TestOutputEvent</FullName>
          <Methods />
        </Class>
        <Class skippedDueTo="Filter">
          <FullName>NUnit.Framework.Internal.Execution.TestMessageEvent</FullName>
          <Methods />
        </Class>
        <Class skippedDueTo="Filter">
          <FullName>NUnit.Framework.Internal.Execution.EventQueue</FullName>
          <Methods />
        </Class>
        <Class skippedDueTo="Filter">
          <FullName>NUnit.Framework.Internal.Execution.MainThreadWorkItemDispatcher</FullName>
          <Methods />
        </Class>
        <Class skippedDueTo="Filter">
          <FullName>NUnit.Framework.Internal.Execution.ParallelWorkItemDispatcher</FullName>
          <Methods />
        </Class>
        <Class skippedDueTo="Filter">
          <FullName>NUnit.Framework.Internal.Execution.ParallelWorkItemDispatcher/&lt;get_Shifts&gt;d__16</FullName>
          <Methods />
        </Class>
        <Class skippedDueTo="Filter">
          <FullName>NUnit.Framework.Internal.Execution.ParallelWorkItemDispatcher/&lt;get_Queues&gt;d__18</FullName>
          <Methods />
        </Class>
        <Class skippedDueTo="Filter">
          <FullName>NUnit.Framework.Internal.Execution.QueuingEventListener</FullName>
          <Methods />
        </Class>
        <Class skippedDueTo="Filter">
          <FullName>NUnit.Framework.Internal.Execution.SimpleWorkItem</FullName>
          <Methods />
        </Class>
        <Class skippedDueTo="Filter">
          <FullName>NUnit.Framework.Internal.Execution.SimpleWorkItemDispatcher</FullName>
          <Methods />
        </Class>
        <Class skippedDueTo="Filter">
          <FullName>NUnit.Framework.Internal.Execution.TestWorker</FullName>
          <Methods />
        </Class>
        <Class skippedDueTo="Delegate">
          <FullName>NUnit.Framework.Internal.Execution.TestWorker/TestWorkerEventHandler</FullName>
          <Methods />
        </Class>
        <Class skippedDueTo="Filter">
          <FullName>NUnit.Framework.Internal.Execution.TextCapture</FullName>
          <Methods />
        </Class>
        <Class skippedDueTo="Filter">
          <FullName>NUnit.Framework.Internal.Execution.WorkItem</FullName>
          <Methods />
        </Class>
        <Class skippedDueTo="Filter">
          <FullName>NUnit.Framework.Internal.Execution.WorkItemBuilder</FullName>
          <Methods />
        </Class>
        <Class skippedDueTo="Filter">
          <FullName>NUnit.Framework.Internal.Execution.WorkItemBuilder/WorkItemOrderComparer</FullName>
          <Methods />
        </Class>
        <Class skippedDueTo="Filter">
          <FullName>NUnit.Framework.Internal.Execution.WorkItemQueue</FullName>
          <Methods />
        </Class>
        <Class skippedDueTo="Filter">
          <FullName>NUnit.Framework.Internal.Execution.WorkItemQueue/SavedState</FullName>
          <Methods />
        </Class>
        <Class skippedDueTo="Delegate">
          <FullName>NUnit.Framework.Internal.Execution.ShiftChangeEventHandler</FullName>
          <Methods />
        </Class>
        <Class skippedDueTo="Filter">
          <FullName>NUnit.Framework.Internal.Execution.WorkShift</FullName>
          <Methods />
        </Class>
        <Class skippedDueTo="Filter">
          <FullName>NUnit.Framework.Internal.Commands.AfterTestActionCommand</FullName>
          <Methods />
        </Class>
        <Class skippedDueTo="Filter">
          <FullName>NUnit.Framework.Internal.Commands.AfterTestActionCommand/&lt;&gt;c__DisplayClass0_0</FullName>
          <Methods />
        </Class>
        <Class skippedDueTo="Filter">
          <FullName>NUnit.Framework.Internal.Commands.AfterTestCommand</FullName>
          <Methods />
        </Class>
        <Class skippedDueTo="Filter">
          <FullName>NUnit.Framework.Internal.Commands.ApplyChangesToContextCommand</FullName>
          <Methods />
        </Class>
        <Class skippedDueTo="Filter">
          <FullName>NUnit.Framework.Internal.Commands.ApplyChangesToContextCommand/&lt;&gt;c__DisplayClass0_0</FullName>
          <Methods />
        </Class>
        <Class skippedDueTo="Filter">
          <FullName>NUnit.Framework.Internal.Commands.BeforeAndAfterTestCommand</FullName>
          <Methods />
        </Class>
        <Class skippedDueTo="Filter">
          <FullName>NUnit.Framework.Internal.Commands.BeforeAndAfterTestCommand/&lt;&gt;c__DisplayClass1_0</FullName>
          <Methods />
        </Class>
        <Class skippedDueTo="Filter">
          <FullName>NUnit.Framework.Internal.Commands.BeforeTestActionCommand</FullName>
          <Methods />
        </Class>
        <Class skippedDueTo="Filter">
          <FullName>NUnit.Framework.Internal.Commands.BeforeTestActionCommand/&lt;&gt;c__DisplayClass0_0</FullName>
          <Methods />
        </Class>
        <Class skippedDueTo="Filter">
          <FullName>NUnit.Framework.Internal.Commands.BeforeTestCommand</FullName>
          <Methods />
        </Class>
        <Class skippedDueTo="Filter">
          <FullName>NUnit.Framework.Internal.Commands.ConstructFixtureCommand</FullName>
          <Methods />
        </Class>
        <Class skippedDueTo="Filter">
          <FullName>NUnit.Framework.Internal.Commands.DelegatingTestCommand</FullName>
          <Methods />
        </Class>
        <Class skippedDueTo="Filter">
          <FullName>NUnit.Framework.Internal.Commands.DisposeFixtureCommand</FullName>
          <Methods />
        </Class>
        <Class skippedDueTo="Filter">
          <FullName>NUnit.Framework.Internal.Commands.DisposeFixtureCommand/&lt;&gt;c</FullName>
          <Methods />
        </Class>
        <Class skippedDueTo="Filter">
          <FullName>NUnit.Framework.Internal.Commands.EmptyTestCommand</FullName>
          <Methods />
        </Class>
        <Class skippedDueTo="Filter">
          <FullName>NUnit.Framework.Internal.Commands.MaxTimeCommand</FullName>
          <Methods />
        </Class>
        <Class skippedDueTo="Filter">
          <FullName>NUnit.Framework.Internal.Commands.MaxTimeCommand/&lt;&gt;c__DisplayClass0_0</FullName>
          <Methods />
        </Class>
        <Class skippedDueTo="Filter">
          <FullName>NUnit.Framework.Internal.Commands.OneTimeSetUpCommand</FullName>
          <Methods />
        </Class>
        <Class skippedDueTo="Filter">
          <FullName>NUnit.Framework.Internal.Commands.OneTimeSetUpCommand/&lt;&gt;c__DisplayClass0_0</FullName>
          <Methods />
        </Class>
        <Class skippedDueTo="Filter">
          <FullName>NUnit.Framework.Internal.Commands.OneTimeTearDownCommand</FullName>
          <Methods />
        </Class>
        <Class skippedDueTo="Filter">
          <FullName>NUnit.Framework.Internal.Commands.OneTimeTearDownCommand/&lt;&gt;c__DisplayClass0_0</FullName>
          <Methods />
        </Class>
        <Class skippedDueTo="Filter">
          <FullName>NUnit.Framework.Internal.Commands.SetUpTearDownCommand</FullName>
          <Methods />
        </Class>
        <Class skippedDueTo="Filter">
          <FullName>NUnit.Framework.Internal.Commands.SetUpTearDownCommand/&lt;&gt;c__DisplayClass0_0</FullName>
          <Methods />
        </Class>
        <Class skippedDueTo="Filter">
          <FullName>NUnit.Framework.Internal.Commands.SetUpTearDownItem</FullName>
          <Methods />
        </Class>
        <Class skippedDueTo="Filter">
          <FullName>NUnit.Framework.Internal.Commands.SetUpTearDownItem/&lt;&gt;c__DisplayClass8_0</FullName>
          <Methods />
        </Class>
        <Class skippedDueTo="Filter">
          <FullName>NUnit.Framework.Internal.Commands.SkipCommand</FullName>
          <Methods />
        </Class>
        <Class skippedDueTo="Filter">
          <FullName>NUnit.Framework.Internal.Commands.TestActionCommand</FullName>
          <Methods />
        </Class>
        <Class skippedDueTo="Filter">
          <FullName>NUnit.Framework.Internal.Commands.TestActionCommand/&lt;&gt;c__DisplayClass0_0</FullName>
          <Methods />
        </Class>
        <Class skippedDueTo="Filter">
          <FullName>NUnit.Framework.Internal.Commands.TestActionItem</FullName>
          <Methods />
        </Class>
        <Class skippedDueTo="Filter">
          <FullName>NUnit.Framework.Internal.Commands.TestCommand</FullName>
          <Methods />
        </Class>
        <Class skippedDueTo="Filter">
          <FullName>NUnit.Framework.Internal.Commands.TestMethodCommand</FullName>
          <Methods />
        </Class>
        <Class skippedDueTo="Filter">
          <FullName>NUnit.Framework.Internal.Commands.TestMethodCommand/&lt;&gt;c__DisplayClass4_0</FullName>
          <Methods />
        </Class>
        <Class skippedDueTo="Filter">
          <FullName>NUnit.Framework.Internal.Commands.TheoryResultCommand</FullName>
          <Methods />
        </Class>
        <Class skippedDueTo="Filter">
          <FullName>NUnit.Framework.Internal.Commands.TheoryResultCommand/&lt;&gt;c</FullName>
          <Methods />
        </Class>
        <Class skippedDueTo="Filter">
          <FullName>NUnit.Framework.Internal.Commands.TimeoutCommand</FullName>
          <Methods />
        </Class>
        <Class skippedDueTo="Filter">
          <FullName>NUnit.Framework.Internal.Commands.TimeoutCommand/&lt;&gt;c__DisplayClass3_0</FullName>
          <Methods />
        </Class>
        <Class skippedDueTo="Filter">
          <FullName>NUnit.Framework.Internal.Commands.TimeoutCommand/&lt;&gt;c__DisplayClass3_1</FullName>
          <Methods />
        </Class>
        <Class skippedDueTo="Filter">
          <FullName>NUnit.Framework.Internal.Builders.CombinatorialStrategy</FullName>
          <Methods />
        </Class>
        <Class skippedDueTo="Filter">
          <FullName>NUnit.Framework.Internal.Builders.DatapointProvider</FullName>
          <Methods />
        </Class>
        <Class skippedDueTo="Filter">
          <FullName>NUnit.Framework.Internal.Builders.DefaultSuiteBuilder</FullName>
          <Methods />
        </Class>
        <Class skippedDueTo="Filter">
          <FullName>NUnit.Framework.Internal.Builders.DefaultTestCaseBuilder</FullName>
          <Methods />
        </Class>
        <Class skippedDueTo="Filter">
          <FullName>NUnit.Framework.Internal.Builders.DefaultTestCaseBuilder/&lt;&gt;c</FullName>
          <Methods />
        </Class>
        <Class skippedDueTo="Filter">
          <FullName>NUnit.Framework.Internal.Builders.NamespaceTreeBuilder</FullName>
          <Methods />
        </Class>
        <Class skippedDueTo="Filter">
          <FullName>NUnit.Framework.Internal.Builders.NUnitTestCaseBuilder</FullName>
          <Methods />
        </Class>
        <Class skippedDueTo="Filter">
          <FullName>NUnit.Framework.Internal.Builders.NUnitTestFixtureBuilder</FullName>
          <Methods />
        </Class>
        <Class skippedDueTo="Filter">
          <FullName>NUnit.Framework.Internal.Builders.PairwiseStrategy</FullName>
          <Methods />
        </Class>
        <Class skippedDueTo="Filter">
          <FullName>NUnit.Framework.Internal.Builders.PairwiseStrategy/FleaRand</FullName>
          <Methods />
        </Class>
        <Class skippedDueTo="Filter">
          <FullName>NUnit.Framework.Internal.Builders.PairwiseStrategy/FeatureInfo</FullName>
          <Methods />
        </Class>
        <Class skippedDueTo="Filter">
          <FullName>NUnit.Framework.Internal.Builders.PairwiseStrategy/FeatureTuple</FullName>
          <Methods />
        </Class>
        <Class skippedDueTo="Filter">
          <FullName>NUnit.Framework.Internal.Builders.PairwiseStrategy/TestCaseInfo</FullName>
          <Methods />
        </Class>
        <Class skippedDueTo="Filter">
          <FullName>NUnit.Framework.Internal.Builders.PairwiseStrategy/PairwiseTestCaseGenerator</FullName>
          <Methods />
        </Class>
        <Class skippedDueTo="Filter">
          <FullName>NUnit.Framework.Internal.Builders.ParameterDataProvider</FullName>
          <Methods />
        </Class>
        <Class skippedDueTo="Filter">
          <FullName>NUnit.Framework.Internal.Builders.ParameterDataProvider/&lt;GetDataFor&gt;d__3</FullName>
          <Methods />
        </Class>
        <Class skippedDueTo="Filter">
          <FullName>NUnit.Framework.Internal.Builders.ParameterDataSourceProvider</FullName>
          <Methods />
        </Class>
        <Class skippedDueTo="Filter">
          <FullName>NUnit.Framework.Internal.Builders.ProviderCache</FullName>
          <Methods />
        </Class>
        <Class skippedDueTo="Filter">
          <FullName>NUnit.Framework.Internal.Builders.ProviderCache/CacheEntry</FullName>
          <Methods />
        </Class>
        <Class skippedDueTo="Filter">
          <FullName>NUnit.Framework.Internal.Builders.SequentialStrategy</FullName>
          <Methods />
        </Class>
        <Class skippedDueTo="Filter">
          <FullName>NUnit.Framework.Interfaces.AssertionResult</FullName>
          <Methods />
        </Class>
        <Class skippedDueTo="Filter">
          <FullName>NUnit.Framework.Interfaces.ResultState</FullName>
          <Methods />
        </Class>
        <Class skippedDueTo="Filter">
          <FullName>NUnit.Framework.Interfaces.TestAttachment</FullName>
          <Methods />
        </Class>
        <Class skippedDueTo="Filter">
          <FullName>NUnit.Framework.Interfaces.TestMessage</FullName>
          <Methods />
        </Class>
        <Class skippedDueTo="Filter">
          <FullName>NUnit.Framework.Interfaces.TestOutput</FullName>
          <Methods />
        </Class>
        <Class skippedDueTo="Filter">
          <FullName>NUnit.Framework.Interfaces.TNode</FullName>
          <Methods />
        </Class>
        <Class skippedDueTo="Filter">
          <FullName>NUnit.Framework.Interfaces.TNode/NodeFilter</FullName>
          <Methods />
        </Class>
        <Class skippedDueTo="Filter">
          <FullName>NUnit.Framework.Interfaces.NodeList</FullName>
          <Methods />
        </Class>
        <Class skippedDueTo="Filter">
          <FullName>NUnit.Framework.Interfaces.AttributeDictionary</FullName>
          <Methods />
        </Class>
        <Class skippedDueTo="Filter">
          <FullName>NUnit.Framework.Constraints.AllItemsConstraint</FullName>
          <Methods />
        </Class>
        <Class skippedDueTo="Filter">
          <FullName>NUnit.Framework.Constraints.AndConstraint</FullName>
          <Methods />
        </Class>
        <Class skippedDueTo="Filter">
          <FullName>NUnit.Framework.Constraints.AndConstraint/AndConstraintResult</FullName>
          <Methods />
        </Class>
        <Class skippedDueTo="Filter">
          <FullName>NUnit.Framework.Constraints.AnyOfConstraint</FullName>
          <Methods />
        </Class>
        <Class skippedDueTo="Filter">
          <FullName>NUnit.Framework.Constraints.AssignableFromConstraint</FullName>
          <Methods />
        </Class>
        <Class skippedDueTo="Filter">
          <FullName>NUnit.Framework.Constraints.AssignableToConstraint</FullName>
          <Methods />
        </Class>
        <Class skippedDueTo="Filter">
          <FullName>NUnit.Framework.Constraints.AttributeConstraint</FullName>
          <Methods />
        </Class>
        <Class skippedDueTo="Filter">
          <FullName>NUnit.Framework.Constraints.AttributeExistsConstraint</FullName>
          <Methods />
        </Class>
        <Class skippedDueTo="Filter">
          <FullName>NUnit.Framework.Constraints.BinaryConstraint</FullName>
          <Methods />
        </Class>
        <Class skippedDueTo="Filter">
          <FullName>NUnit.Framework.Constraints.BinarySerializableConstraint</FullName>
          <Methods />
        </Class>
        <Class skippedDueTo="Filter">
          <FullName>NUnit.Framework.Constraints.CollectionConstraint</FullName>
          <Methods />
        </Class>
        <Class skippedDueTo="Filter">
          <FullName>NUnit.Framework.Constraints.CollectionContainsConstraint</FullName>
          <Methods />
        </Class>
        <Class skippedDueTo="Filter">
          <FullName>NUnit.Framework.Constraints.CollectionContainsConstraint/&lt;&gt;c__DisplayClass9_0`2</FullName>
          <Methods />
        </Class>
        <Class skippedDueTo="Filter">
          <FullName>NUnit.Framework.Constraints.CollectionEquivalentConstraint</FullName>
          <Methods />
        </Class>
        <Class skippedDueTo="Filter">
          <FullName>NUnit.Framework.Constraints.CollectionEquivalentConstraintResult</FullName>
          <Methods />
        </Class>
        <Class skippedDueTo="Filter">
          <FullName>NUnit.Framework.Constraints.CollectionItemsEqualConstraint</FullName>
          <Methods />
        </Class>
        <Class skippedDueTo="Filter">
          <FullName>NUnit.Framework.Constraints.CollectionOrderedConstraint</FullName>
          <Methods />
        </Class>
        <Class skippedDueTo="Filter">
          <FullName>NUnit.Framework.Constraints.CollectionOrderedConstraint/OrderingStep</FullName>
          <Methods />
        </Class>
        <Class skippedDueTo="Filter">
          <FullName>NUnit.Framework.Constraints.CollectionOrderedConstraint/CollectionOrderedConstraintResult</FullName>
          <Methods />
        </Class>
        <Class skippedDueTo="Filter">
          <FullName>NUnit.Framework.Constraints.CollectionSubsetConstraint</FullName>
          <Methods />
        </Class>
        <Class skippedDueTo="Filter">
          <FullName>NUnit.Framework.Constraints.CollectionSupersetConstraint</FullName>
          <Methods />
        </Class>
        <Class skippedDueTo="Filter">
          <FullName>NUnit.Framework.Constraints.CollectionSupersetConstraint/&lt;&gt;c__DisplayClass7_0`2</FullName>
          <Methods />
        </Class>
        <Class skippedDueTo="Filter">
          <FullName>NUnit.Framework.Constraints.CollectionTally</FullName>
          <Methods />
        </Class>
        <Class skippedDueTo="Filter">
          <FullName>NUnit.Framework.Constraints.CollectionTally/CollectionTallyResult</FullName>
          <Methods />
        </Class>
        <Class skippedDueTo="Filter">
          <FullName>NUnit.Framework.Constraints.ComparisonAdapter</FullName>
          <Methods />
        </Class>
        <Class skippedDueTo="Filter">
          <FullName>NUnit.Framework.Constraints.ComparisonAdapter/DefaultComparisonAdapter</FullName>
          <Methods />
        </Class>
        <Class skippedDueTo="Filter">
          <FullName>NUnit.Framework.Constraints.ComparisonAdapter/ComparerAdapter</FullName>
          <Methods />
        </Class>
        <Class skippedDueTo="Filter">
          <FullName>NUnit.Framework.Constraints.ComparisonAdapter/ComparerAdapter`1</FullName>
          <Methods />
        </Class>
        <Class skippedDueTo="Filter">
          <FullName>NUnit.Framework.Constraints.ComparisonAdapter/ComparisonAdapterForComparison`1</FullName>
          <Methods />
        </Class>
        <Class skippedDueTo="Filter">
          <FullName>NUnit.Framework.Constraints.ComparisonConstraint</FullName>
          <Methods />
        </Class>
        <Class skippedDueTo="Delegate">
          <FullName>NUnit.Framework.Constraints.ActualValueDelegate`1</FullName>
          <Methods />
        </Class>
        <Class skippedDueTo="Filter">
          <FullName>NUnit.Framework.Constraints.Constraint</FullName>
          <Methods />
        </Class>
        <Class skippedDueTo="Filter">
          <FullName>NUnit.Framework.Constraints.Constraint/&lt;&gt;c__DisplayClass16_0`1</FullName>
          <Methods />
        </Class>
        <Class skippedDueTo="Filter">
          <FullName>NUnit.Framework.Constraints.ConstraintBuilder</FullName>
          <Methods />
        </Class>
        <Class skippedDueTo="Filter">
          <FullName>NUnit.Framework.Constraints.ConstraintBuilder/OperatorStack</FullName>
          <Methods />
        </Class>
        <Class skippedDueTo="Filter">
          <FullName>NUnit.Framework.Constraints.ConstraintBuilder/ConstraintStack</FullName>
          <Methods />
        </Class>
        <Class skippedDueTo="Filter">
          <FullName>NUnit.Framework.Constraints.ConstraintExpression</FullName>
          <Methods />
        </Class>
        <Class skippedDueTo="Filter">
          <FullName>NUnit.Framework.Constraints.ConstraintResult</FullName>
          <Methods />
        </Class>
        <Class skippedDueTo="Filter">
          <FullName>NUnit.Framework.Constraints.ContainsConstraint</FullName>
          <Methods />
        </Class>
        <Class skippedDueTo="Filter">
          <FullName>NUnit.Framework.Constraints.DelayedConstraint</FullName>
          <Methods />
        </Class>
        <Class skippedDueTo="Filter">
          <FullName>NUnit.Framework.Constraints.DelayedConstraint/WithRawDelayInterval</FullName>
          <Methods />
        </Class>
        <Class skippedDueTo="Filter">
          <FullName>NUnit.Framework.Constraints.DelayedConstraint/WithDimensionedDelayInterval</FullName>
          <Methods />
        </Class>
        <Class skippedDueTo="Filter">
          <FullName>NUnit.Framework.Constraints.DelayedConstraint/WithRawPollingInterval</FullName>
          <Methods />
        </Class>
        <Class skippedDueTo="Filter">
          <FullName>NUnit.Framework.Constraints.DelayedConstraint/&lt;&gt;c__DisplayClass19_0`1</FullName>
          <Methods />
        </Class>
        <Class skippedDueTo="Filter">
          <FullName>NUnit.Framework.Constraints.DictionaryContainsKeyConstraint</FullName>
          <Methods />
        </Class>
        <Class skippedDueTo="Filter">
          <FullName>NUnit.Framework.Constraints.DictionaryContainsKeyConstraint/&lt;&gt;c__DisplayClass16_0`2</FullName>
          <Methods />
        </Class>
        <Class skippedDueTo="Filter">
          <FullName>NUnit.Framework.Constraints.DictionaryContainsKeyConstraint/&lt;&gt;c</FullName>
          <Methods />
        </Class>
        <Class skippedDueTo="Filter">
          <FullName>NUnit.Framework.Constraints.DictionaryContainsKeyConstraint/&lt;&gt;c__DisplayClass24_0</FullName>
          <Methods />
        </Class>
        <Class skippedDueTo="Filter">
          <FullName>NUnit.Framework.Constraints.DictionaryContainsKeyConstraint/&lt;&gt;c__DisplayClass24_1</FullName>
          <Methods />
        </Class>
        <Class skippedDueTo="Filter">
          <FullName>NUnit.Framework.Constraints.DictionaryContainsKeyConstraint/&lt;GetBaseTypes&gt;d__25</FullName>
          <Methods />
        </Class>
        <Class skippedDueTo="Filter">
          <FullName>NUnit.Framework.Constraints.DictionaryContainsValueConstraint</FullName>
          <Methods />
        </Class>
        <Class skippedDueTo="Filter">
          <FullName>NUnit.Framework.Constraints.DictionaryContainsValueConstraint/&lt;&gt;c__DisplayClass9_0`2</FullName>
          <Methods />
        </Class>
        <Class skippedDueTo="Filter">
          <FullName>NUnit.Framework.Constraints.EachItemConstraintResult</FullName>
          <Methods />
        </Class>
        <Class skippedDueTo="Filter">
          <FullName>NUnit.Framework.Constraints.EmptyCollectionConstraint</FullName>
          <Methods />
        </Class>
        <Class skippedDueTo="Filter">
          <FullName>NUnit.Framework.Constraints.EmptyConstraint</FullName>
          <Methods />
        </Class>
        <Class skippedDueTo="Filter">
          <FullName>NUnit.Framework.Constraints.EmptyDirectoryConstraint</FullName>
          <Methods />
        </Class>
        <Class skippedDueTo="Filter">
          <FullName>NUnit.Framework.Constraints.EmptyStringConstraint</FullName>
          <Methods />
        </Class>
        <Class skippedDueTo="Filter">
          <FullName>NUnit.Framework.Constraints.EndsWithConstraint</FullName>
          <Methods />
        </Class>
        <Class skippedDueTo="Filter">
          <FullName>NUnit.Framework.Constraints.EqualConstraint</FullName>
          <Methods />
        </Class>
        <Class skippedDueTo="Filter">
          <FullName>NUnit.Framework.Constraints.EqualConstraintResult</FullName>
          <Methods />
        </Class>
        <Class skippedDueTo="Filter">
          <FullName>NUnit.Framework.Constraints.EqualityAdapter</FullName>
          <Methods />
        </Class>
        <Class skippedDueTo="Filter">
          <FullName>NUnit.Framework.Constraints.EqualityAdapter/ComparerAdapter</FullName>
          <Methods />
        </Class>
        <Class skippedDueTo="Filter">
          <FullName>NUnit.Framework.Constraints.EqualityAdapter/EqualityComparerAdapter</FullName>
          <Methods />
        </Class>
        <Class skippedDueTo="Filter">
          <FullName>NUnit.Framework.Constraints.EqualityAdapter/PredicateEqualityAdapter`2</FullName>
          <Methods />
        </Class>
        <Class skippedDueTo="Filter">
          <FullName>NUnit.Framework.Constraints.EqualityAdapter/GenericEqualityAdapter`1</FullName>
          <Methods />
        </Class>
        <Class skippedDueTo="Filter">
          <FullName>NUnit.Framework.Constraints.EqualityAdapter/EqualityComparerAdapter`1</FullName>
          <Methods />
        </Class>
        <Class skippedDueTo="Filter">
          <FullName>NUnit.Framework.Constraints.EqualityAdapter/ComparerAdapter`1</FullName>
          <Methods />
        </Class>
        <Class skippedDueTo="Filter">
          <FullName>NUnit.Framework.Constraints.EqualityAdapter/ComparisonAdapter`1</FullName>
          <Methods />
        </Class>
        <Class skippedDueTo="Filter">
          <FullName>NUnit.Framework.Constraints.ExactCountConstraint</FullName>
          <Methods />
        </Class>
        <Class skippedDueTo="Filter">
          <FullName>NUnit.Framework.Constraints.ExactCountConstraintResult</FullName>
          <Methods />
        </Class>
        <Class skippedDueTo="Filter">
          <FullName>NUnit.Framework.Constraints.ExactTypeConstraint</FullName>
          <Methods />
        </Class>
        <Class skippedDueTo="Filter">
          <FullName>NUnit.Framework.Constraints.ExceptionNotThrownConstraint</FullName>
          <Methods />
        </Class>
        <Class skippedDueTo="Filter">
          <FullName>NUnit.Framework.Constraints.ExceptionTypeConstraint</FullName>
          <Methods />
        </Class>
        <Class skippedDueTo="Filter">
          <FullName>NUnit.Framework.Constraints.ExceptionTypeConstraint/ExceptionTypeConstraintResult</FullName>
          <Methods />
        </Class>
        <Class skippedDueTo="Filter">
          <FullName>NUnit.Framework.Constraints.FalseConstraint</FullName>
          <Methods />
        </Class>
        <Class skippedDueTo="Filter">
          <FullName>NUnit.Framework.Constraints.FileExistsConstraint</FullName>
          <Methods />
        </Class>
        <Class skippedDueTo="Filter">
          <FullName>NUnit.Framework.Constraints.FileOrDirectoryExistsConstraint</FullName>
          <Methods />
        </Class>
        <Class skippedDueTo="Filter">
          <FullName>NUnit.Framework.Constraints.FloatingPointNumerics</FullName>
          <Methods />
        </Class>
        <Class skippedDueTo="Filter">
          <FullName>NUnit.Framework.Constraints.GreaterThanConstraint</FullName>
          <Methods />
        </Class>
        <Class skippedDueTo="Filter">
          <FullName>NUnit.Framework.Constraints.GreaterThanOrEqualConstraint</FullName>
          <Methods />
        </Class>
        <Class skippedDueTo="Filter">
          <FullName>NUnit.Framework.Constraints.InstanceOfTypeConstraint</FullName>
          <Methods />
        </Class>
        <Class skippedDueTo="Filter">
          <FullName>NUnit.Framework.Constraints.Interval</FullName>
          <Methods />
        </Class>
        <Class skippedDueTo="Filter">
          <FullName>NUnit.Framework.Constraints.ItemsConstraintExpression</FullName>
          <Methods />
        </Class>
        <Class skippedDueTo="Filter">
          <FullName>NUnit.Framework.Constraints.LessThanConstraint</FullName>
          <Methods />
        </Class>
        <Class skippedDueTo="Filter">
          <FullName>NUnit.Framework.Constraints.LessThanOrEqualConstraint</FullName>
          <Methods />
        </Class>
        <Class skippedDueTo="Filter">
          <FullName>NUnit.Framework.Constraints.MessageWriter</FullName>
          <Methods />
        </Class>
        <Class skippedDueTo="Delegate">
          <FullName>NUnit.Framework.Constraints.ValueFormatter</FullName>
          <Methods />
        </Class>
        <Class skippedDueTo="Delegate">
          <FullName>NUnit.Framework.Constraints.ValueFormatterFactory</FullName>
          <Methods />
        </Class>
        <Class skippedDueTo="Filter">
          <FullName>NUnit.Framework.Constraints.MsgUtils</FullName>
          <Methods />
        </Class>
        <Class skippedDueTo="Filter">
          <FullName>NUnit.Framework.Constraints.MsgUtils/&lt;&gt;c__DisplayClass14_0</FullName>
          <Methods />
        </Class>
        <Class skippedDueTo="Filter">
          <FullName>NUnit.Framework.Constraints.MsgUtils/&lt;&gt;c__DisplayClass14_1</FullName>
          <Methods />
        </Class>
        <Class skippedDueTo="Filter">
          <FullName>NUnit.Framework.Constraints.MsgUtils/&lt;&gt;c__DisplayClass14_2</FullName>
          <Methods />
        </Class>
        <Class skippedDueTo="Filter">
          <FullName>NUnit.Framework.Constraints.MsgUtils/&lt;&gt;c__DisplayClass14_3</FullName>
          <Methods />
        </Class>
        <Class skippedDueTo="Filter">
          <FullName>NUnit.Framework.Constraints.MsgUtils/&lt;&gt;c__DisplayClass14_4</FullName>
          <Methods />
        </Class>
        <Class skippedDueTo="Filter">
          <FullName>NUnit.Framework.Constraints.MsgUtils/&lt;&gt;c__DisplayClass14_5</FullName>
          <Methods />
        </Class>
        <Class skippedDueTo="Filter">
          <FullName>NUnit.Framework.Constraints.MsgUtils/&lt;&gt;c__DisplayClass14_6</FullName>
          <Methods />
        </Class>
        <Class skippedDueTo="Filter">
          <FullName>NUnit.Framework.Constraints.MsgUtils/&lt;&gt;c__DisplayClass14_7</FullName>
          <Methods />
        </Class>
        <Class skippedDueTo="Filter">
          <FullName>NUnit.Framework.Constraints.MsgUtils/&lt;&gt;c__DisplayClass14_8</FullName>
          <Methods />
        </Class>
        <Class skippedDueTo="Filter">
          <FullName>NUnit.Framework.Constraints.MsgUtils/&lt;&gt;c__DisplayClass14_9</FullName>
          <Methods />
        </Class>
        <Class skippedDueTo="Filter">
          <FullName>NUnit.Framework.Constraints.MsgUtils/&lt;&gt;c__DisplayClass14_10</FullName>
          <Methods />
        </Class>
        <Class skippedDueTo="Filter">
          <FullName>NUnit.Framework.Constraints.MsgUtils/&lt;&gt;c__DisplayClass14_11</FullName>
          <Methods />
        </Class>
        <Class skippedDueTo="Filter">
          <FullName>NUnit.Framework.Constraints.MsgUtils/&lt;&gt;c__DisplayClass14_12</FullName>
          <Methods />
        </Class>
        <Class skippedDueTo="Filter">
          <FullName>NUnit.Framework.Constraints.MsgUtils/&lt;&gt;c</FullName>
          <Methods />
        </Class>
        <Class skippedDueTo="Filter">
          <FullName>NUnit.Framework.Constraints.NaNConstraint</FullName>
          <Methods />
        </Class>
        <Class skippedDueTo="Filter">
          <FullName>NUnit.Framework.Constraints.NoItemConstraint</FullName>
          <Methods />
        </Class>
        <Class skippedDueTo="Filter">
          <FullName>NUnit.Framework.Constraints.NotConstraint</FullName>
          <Methods />
        </Class>
        <Class skippedDueTo="Filter">
          <FullName>NUnit.Framework.Constraints.NullConstraint</FullName>
          <Methods />
        </Class>
        <Class skippedDueTo="Filter">
          <FullName>NUnit.Framework.Constraints.Numerics</FullName>
          <Methods />
[...]
              <BranchPoints />
            </Method>
            <Method skippedDueTo="AutoImplementedProperty" visited="false" cyclomaticComplexity="1" nPathComplexity="0" sequenceCoverage="0" branchCoverage="0" crapScore="0" isConstructor="false" isStatic="false" isGetter="false" isSetter="true">
              <MetadataToken>100663357</MetadataToken>
              <Name>System.Void ProjectManager.DataLayer.Task::set_TaskName(System.String)</Name>
              <FileRef uid="7" />
              <SequencePoints />
              <BranchPoints />
            </Method>
            <Method skippedDueTo="AutoImplementedProperty" visited="false" cyclomaticComplexity="1" nPathComplexity="0" sequenceCoverage="0" branchCoverage="0" crapScore="0" isConstructor="false" isStatic="false" isGetter="true" isSetter="false">
              <MetadataToken>100663358</MetadataToken>
              <Name>System.DateTime ProjectManager.DataLayer.Task::get_Start_Date()</Name>
              <FileRef uid="7" />
              <SequencePoints />
              <BranchPoints />
            </Method>
            <Method skippedDueTo="AutoImplementedProperty" visited="false" cyclomaticComplexity="1" nPathComplexity="0" sequenceCoverage="0" branchCoverage="0" crapScore="0" isConstructor="false" isStatic="false" isGetter="false" isSetter="true">
              <MetadataToken>100663359</MetadataToken>
              <Name>System.Void ProjectManager.DataLayer.Task::set_Start_Date(System.DateTime)</Name>
              <FileRef uid="7" />
              <SequencePoints />
              <BranchPoints />
            </Method>
            <Method skippedDueTo="AutoImplementedProperty" visited="false" cyclomaticComplexity="1" nPathComplexity="0" sequenceCoverage="0" branchCoverage="0" crapScore="0" isConstructor="false" isStatic="false" isGetter="true" isSetter="false">
              <MetadataToken>100663360</MetadataToken>
              <Name>System.DateTime ProjectManager.DataLayer.Task::get_End_Date()</Name>
              <FileRef uid="7" />
              <SequencePoints />
              <BranchPoints />
            </Method>
            <Method skippedDueTo="AutoImplementedProperty" visited="false" cyclomaticComplexity="1" nPathComplexity="0" sequenceCoverage="0" branchCoverage="0" crapScore="0" isConstructor="false" isStatic="false" isGetter="false" isSetter="true">
              <MetadataToken>100663361</MetadataToken>
              <Name>System.Void ProjectManager.DataLayer.Task::set_End_Date(System.DateTime)</Name>
              <FileRef uid="7" />
              <SequencePoints />
              <BranchPoints />
            </Method>
            <Method skippedDueTo="AutoImplementedProperty" visited="false" cyclomaticComplexity="1" nPathComplexity="0" sequenceCoverage="0" branchCoverage="0" crapScore="0" isConstructor="false" isStatic="false" isGetter="true" isSetter="false">
              <MetadataToken>100663362</MetadataToken>
              <Name>System.Int32 ProjectManager.DataLayer.Task::get_Priority()</Name>
              <FileRef uid="7" />
              <SequencePoints />
              <BranchPoints />
            </Method>
            <Method skippedDueTo="AutoImplementedProperty" visited="false" cyclomaticComplexity="1" nPathComplexity="0" sequenceCoverage="0" branchCoverage="0" crapScore="0" isConstructor="false" isStatic="false" isGetter="false" isSetter="true">
              <MetadataToken>100663363</MetadataToken>
              <Name>System.Void ProjectManager.DataLayer.Task::set_Priority(System.Int32)</Name>
              <FileRef uid="7" />
              <SequencePoints />
              <BranchPoints />
            </Method>
            <Method skippedDueTo="AutoImplementedProperty" visited="false" cyclomaticComplexity="1" nPathComplexity="0" sequenceCoverage="0" branchCoverage="0" crapScore="0" isConstructor="false" isStatic="false" isGetter="true" isSetter="false">
              <MetadataToken>100663364</MetadataToken>
              <Name>System.Boolean ProjectManager.DataLayer.Task::get_Status()</Name>
              <FileRef uid="7" />
              <SequencePoints />
              <BranchPoints />
            </Method>
            <Method skippedDueTo="AutoImplementedProperty" visited="false" cyclomaticComplexity="1" nPathComplexity="0" sequenceCoverage="0" branchCoverage="0" crapScore="0" isConstructor="false" isStatic="false" isGetter="false" isSetter="true">
              <MetadataToken>100663365</MetadataToken>
              <Name>System.Void ProjectManager.DataLayer.Task::set_Status(System.Boolean)</Name>
              <FileRef uid="7" />
              <SequencePoints />
              <BranchPoints />
            </Method>
            <Method skippedDueTo="AutoImplementedProperty" visited="false" cyclomaticComplexity="1" nPathComplexity="0" sequenceCoverage="0" branchCoverage="0" crapScore="0" isConstructor="false" isStatic="false" isGetter="true" isSetter="false">
              <MetadataToken>100663366</MetadataToken>
              <Name>ProjectManager.DataLayer.ParentTask ProjectManager.DataLayer.Task::get_ParentTask()</Name>
              <FileRef uid="7" />
              <SequencePoints />
              <BranchPoints />
            </Method>
            <Method skippedDueTo="AutoImplementedProperty" visited="false" cyclomaticComplexity="1" nPathComplexity="0" sequenceCoverage="0" branchCoverage="0" crapScore="0" isConstructor="false" isStatic="false" isGetter="false" isSetter="true">
              <MetadataToken>100663367</MetadataToken>
              <Name>System.Void ProjectManager.DataLayer.Task::set_ParentTask(ProjectManager.DataLayer.ParentTask)</Name>
              <FileRef uid="7" />
              <SequencePoints />
              <BranchPoints />
            </Method>
            <Method skippedDueTo="AutoImplementedProperty" visited="false" cyclomaticComplexity="1" nPathComplexity="0" sequenceCoverage="0" branchCoverage="0" crapScore="0" isConstructor="false" isStatic="false" isGetter="true" isSetter="false">
              <MetadataToken>100663368</MetadataToken>
              <Name>ProjectManager.DataLayer.Project ProjectManager.DataLayer.Task::get_Project()</Name>
              <FileRef uid="7" />
              <SequencePoints />
              <BranchPoints />
            </Method>
            <Method skippedDueTo="AutoImplementedProperty" visited="false" cyclomaticComplexity="1" nPathComplexity="0" sequenceCoverage="0" branchCoverage="0" crapScore="0" isConstructor="false" isStatic="false" isGetter="false" isSetter="true">
              <MetadataToken>100663369</MetadataToken>
              <Name>System.Void ProjectManager.DataLayer.Task::set_Project(ProjectManager.DataLayer.Project)</Name>
              <FileRef uid="7" />
              <SequencePoints />
              <BranchPoints />
            </Method>
            <Method visited="false" cyclomaticComplexity="1" nPathComplexity="0" sequenceCoverage="0" branchCoverage="0" crapScore="2" isConstructor="true" isStatic="false" isGetter="false" isSetter="false">
              <Summary numSequencePoints="0" visitedSequencePoints="0" numBranchPoints="0" visitedBranchPoints="0" sequenceCoverage="0" branchCoverage="0" maxCyclomaticComplexity="1" minCyclomaticComplexity="1" maxCrapScore="2" minCrapScore="2" visitedClasses="0" numClasses="0" visitedMethods="0" numMethods="0" />
              <MetadataToken>100663370</MetadataToken>
              <Name>System.Void ProjectManager.DataLayer.Task::.ctor()</Name>
              <SequencePoints />
              <BranchPoints />
              <MethodPoint vc="0" uspid="305" ordinal="0" offset="0" />
            </Method>
          </Methods>
        </Class>
        <Class>
          <Summary numSequencePoints="0" visitedSequencePoints="0" numBranchPoints="0" visitedBranchPoints="0" sequenceCoverage="0" branchCoverage="0" maxCyclomaticComplexity="1" minCyclomaticComplexity="1" maxCrapScore="2" minCrapScore="2" visitedClasses="0" numClasses="0" visitedMethods="0" numMethods="0" />
          <FullName>ProjectManager.DataLayer.User</FullName>
          <Methods>
            <Method skippedDueTo="AutoImplementedProperty" visited="false" cyclomaticComplexity="1" nPathComplexity="0" sequenceCoverage="0" branchCoverage="0" crapScore="0" isConstructor="false" isStatic="false" isGetter="true" isSetter="false">
              <MetadataToken>100663371</MetadataToken>
              <Name>System.Int32 ProjectManager.DataLayer.User::get_User_ID()</Name>
              <FileRef uid="8" />
              <SequencePoints />
              <BranchPoints />
            </Method>
            <Method skippedDueTo="AutoImplementedProperty" visited="false" cyclomaticComplexity="1" nPathComplexity="0" sequenceCoverage="0" branchCoverage="0" crapScore="0" isConstructor="false" isStatic="false" isGetter="false" isSetter="true">
              <MetadataToken>100663372</MetadataToken>
              <Name>System.Void ProjectManager.DataLayer.User::set_User_ID(System.Int32)</Name>
              <FileRef uid="8" />
              <SequencePoints />
              <BranchPoints />
            </Method>
            <Method skippedDueTo="AutoImplementedProperty" visited="false" cyclomaticComplexity="1" nPathComplexity="0" sequenceCoverage="0" branchCoverage="0" crapScore="0" isConstructor="false" isStatic="false" isGetter="true" isSetter="false">
              <MetadataToken>100663373</MetadataToken>
              <Name>System.String ProjectManager.DataLayer.User::get_FirstName()</Name>
              <FileRef uid="8" />
              <SequencePoints />
              <BranchPoints />
            </Method>
            <Method skippedDueTo="AutoImplementedProperty" visited="false" cyclomaticComplexity="1" nPathComplexity="0" sequenceCoverage="0" branchCoverage="0" crapScore="0" isConstructor="false" isStatic="false" isGetter="false" isSetter="true">
              <MetadataToken>100663374</MetadataToken>
              <Name>System.Void ProjectManager.DataLayer.User::set_FirstName(System.String)</Name>
              <FileRef uid="8" />
              <SequencePoints />
              <BranchPoints />
            </Method>
            <Method skippedDueTo="AutoImplementedProperty" visited="false" cyclomaticComplexity="1" nPathComplexity="0" sequenceCoverage="0" branchCoverage="0" crapScore="0" isConstructor="false" isStatic="false" isGetter="true" isSetter="false">
              <MetadataToken>100663375</MetadataToken>
              <Name>System.String ProjectManager.DataLayer.User::get_LastName()</Name>
              <FileRef uid="8" />
              <SequencePoints />
              <BranchPoints />
            </Method>
            <Method skippedDueTo="AutoImplementedProperty" visited="false" cyclomaticComplexity="1" nPathComplexity="0" sequenceCoverage="0" branchCoverage="0" crapScore="0" isConstructor="false" isStatic="false" isGetter="false" isSetter="true">
              <MetadataToken>100663376</MetadataToken>
              <Name>System.Void ProjectManager.DataLayer.User::set_LastName(System.String)</Name>
              <FileRef uid="8" />
              <SequencePoints />
              <BranchPoints />
            </Method>
            <Method skippedDueTo="AutoImplementedProperty" visited="false" cyclomaticComplexity="1" nPathComplexity="0" sequenceCoverage="0" branchCoverage="0" crapScore="0" isConstructor="false" isStatic="false" isGetter="true" isSetter="false">
              <MetadataToken>100663377</MetadataToken>
              <Name>System.Int32 ProjectManager.DataLayer.User::get_Employee_ID()</Name>
              <FileRef uid="8" />
              <SequencePoints />
              <BranchPoints />
            </Method>
            <Method skippedDueTo="AutoImplementedProperty" visited="false" cyclomaticComplexity="1" nPathComplexity="0" sequenceCoverage="0" branchCoverage="0" crapScore="0" isConstructor="false" isStatic="false" isGetter="false" isSetter="true">
              <MetadataToken>100663378</MetadataToken>
              <Name>System.Void ProjectManager.DataLayer.User::set_Employee_ID(System.Int32)</Name>
              <FileRef uid="8" />
              <SequencePoints />
              <BranchPoints />
            </Method>
            <Method skippedDueTo="AutoImplementedProperty" visited="false" cyclomaticComplexity="1" nPathComplexity="0" sequenceCoverage="0" branchCoverage="0" crapScore="0" isConstructor="false" isStatic="false" isGetter="true" isSetter="false">
              <MetadataToken>100663379</MetadataToken>
              <Name>System.Nullable`1&lt;System.Int32&gt; ProjectManager.DataLayer.User::get_Project_ID()</Name>
              <FileRef uid="8" />
              <SequencePoints />
              <BranchPoints />
            </Method>
            <Method skippedDueTo="AutoImplementedProperty" visited="false" cyclomaticComplexity="1" nPathComplexity="0" sequenceCoverage="0" branchCoverage="0" crapScore="0" isConstructor="false" isStatic="false" isGetter="false" isSetter="true">
              <MetadataToken>100663380</MetadataToken>
              <Name>System.Void ProjectManager.DataLayer.User::set_Project_ID(System.Nullable`1&lt;System.Int32&gt;)</Name>
              <FileRef uid="8" />
              <SequencePoints />
              <BranchPoints />
            </Method>
            <Method skippedDueTo="AutoImplementedProperty" visited="false" cyclomaticComplexity="1" nPathComplexity="0" sequenceCoverage="0" branchCoverage="0" crapScore="0" isConstructor="false" isStatic="false" isGetter="true" isSetter="false">
              <MetadataToken>100663381</MetadataToken>
              <Name>System.Nullable`1&lt;System.Int32&gt; ProjectManager.DataLayer.User::get_Task_ID()</Name>
              <FileRef uid="8" />
              <SequencePoints />
              <BranchPoints />
            </Method>
            <Method skippedDueTo="AutoImplementedProperty" visited="false" cyclomaticComplexity="1" nPathComplexity="0" sequenceCoverage="0" branchCoverage="0" crapScore="0" isConstructor="false" isStatic="false" isGetter="false" isSetter="true">
              <MetadataToken>100663382</MetadataToken>
              <Name>System.Void ProjectManager.DataLayer.User::set_Task_ID(System.Nullable`1&lt;System.Int32&gt;)</Name>
              <FileRef uid="8" />
              <SequencePoints />
              <BranchPoints />
            </Method>
            <Method visited="false" cyclomaticComplexity="1" nPathComplexity="0" sequenceCoverage="0" branchCoverage="0" crapScore="2" isConstructor="true" isStatic="false" isGetter="false" isSetter="false">
              <Summary numSequencePoints="0" visitedSequencePoints="0" numBranchPoints="0" visitedBranchPoints="0" sequenceCoverage="0" branchCoverage="0" maxCyclomaticComplexity="1" minCyclomaticComplexity="1" maxCrapScore="2" minCrapScore="2" visitedClasses="0" numClasses="0" visitedMethods="0" numMethods="0" />
              <MetadataToken>100663383</MetadataToken>
              <Name>System.Void ProjectManager.DataLayer.User::.ctor()</Name>
              <SequencePoints />
              <BranchPoints />
              <MethodPoint vc="0" uspid="306" ordinal="0" offset="0" />
            </Method>
          </Methods>
        </Class>
      </Classes>
    </Module>
    <Module skippedDueTo="MissingPdb" hash="89-C2-D1-D7-5C-2C-0A-DE-8C-49-76-E0-A1-79-0D-7B-DA-3D-D6-4E">
      <ModulePath>C:\Reshma\FinalCertification\LatestFSEFinals\ProjectManagerWebAPI\ProjectManager.DataLayer.Tests\bin\Debug\EntityFramework.dll</ModulePath>
      <ModuleTime>2019-09-14T09:01:18Z</ModuleTime>
      <ModuleName>EntityFramework</ModuleName>
      <Classes />
    </Module>
    <Module skippedDueTo="Filter" hash="7F-FF-EF-06-DF-CE-91-04-E3-81-6A-68-B2-5D-E7-3C-77-96-E6-18">
      <ModulePath>C:\WINDOWS\Microsoft.Net\assembly\GAC_64\System.Data\v4.0_4.0.0.0__b77a5c561934e089\System.Data.dll</ModulePath>
      <ModuleTime>2018-10-11T01:25:04.9147609Z</ModuleTime>
      <ModuleName>System.Data</ModuleName>
      <Classes />
    </Module>
    <Module skippedDueTo="MissingPdb" hash="61-67-DF-B9-10-44-6B-CC-0C-63-6B-A9-6D-B7-C2-AD-17-CD-39-64">
      <ModulePath>C:\Reshma\FinalCertification\LatestFSEFinals\ProjectManagerWebAPI\ProjectManager.DataLayer.Tests\bin\Debug\EntityFramework.SqlServer.dll</ModulePath>
      <ModuleTime>2019-09-14T09:01:36Z</ModuleTime>
      <ModuleName>EntityFramework.SqlServer</ModuleName>
      <Classes />
    </Module>
    <Module skippedDueTo="MissingPdb" hash="">
      <ModulePath>RefEmit_InMemoryManifestModule</ModulePath>
      <ModuleTime>0001-01-01T00:00:00</ModuleTime>
      <ModuleName>Anonymously Hosted DynamicMethods Assembly</ModuleName>
      <Classes />
    </Module>
    <Module skippedDueTo="Filter" hash="D4-54-32-B5-B1-E2-7D-BE-A8-0C-10-C4-98-E4-C8-76-00-FF-CA-2D">
      <ModulePath>C:\WINDOWS\Microsoft.Net\assembly\GAC_64\System.Transactions\v4.0_4.0.0.0__b77a5c561934e089\System.Transactions.dll</ModulePath>
      <ModuleTime>2018-09-11T01:24:05.9699056Z</ModuleTime>
      <ModuleName>System.Transactions</ModuleName>
      <Classes />
    </Module>
    <Module skippedDueTo="Filter" hash="DF-9D-73-09-1D-0F-5F-8E-BF-8F-13-D3-07-67-30-C7-15-AA-B1-D2">
      <ModulePath>C:\WINDOWS\Microsoft.Net\assembly\GAC_MSIL\System.Numerics\v4.0_4.0.0.0__b77a5c561934e089\System.Numerics.dll</ModulePath>
      <ModuleTime>2019-07-01T02:35:06.424587Z</ModuleTime>
      <ModuleName>System.Numerics</ModuleName>
      <Classes />
    </Module>
    <Module skippedDueTo="Filter" hash="DC-10-6B-5A-3A-39-6A-03-4D-F0-47-6E-B7-56-22-C8-59-10-F9-0C">
      <ModulePath>C:\WINDOWS\Microsoft.Net\assembly\GAC_64\System.Data.OracleClient\v4.0_4.0.0.0__b77a5c561934e089\System.Data.OracleClient.dll</ModulePath>
      <ModuleTime>2019-07-01T02:35:10.9530196Z</ModuleTime>
      <ModuleName>System.Data.OracleClient</ModuleName>
      <Classes />
    </Module>
    <Module skippedDueTo="Filter" hash="8B-59-7F-E0-46-94-0E-BD-B7-02-5B-B4-71-52-59-1B-12-6F-C5-90">
      <ModulePath>C:\WINDOWS\Microsoft.Net\assembly\GAC_MSIL\System.Xml.Linq\v4.0_4.0.0.0__b77a5c561934e089\System.Xml.Linq.dll</ModulePath>
      <ModuleTime>2019-07-01T02:35:08.578085Z</ModuleTime>
      <ModuleName>System.Xml.Linq</ModuleName>
      <Classes />
    </Module>
    <Module skippedDueTo="Filter" hash="50-66-EF-9E-91-12-D2-6C-1F-BE-00-32-58-24-E8-C7-76-40-11-B6">
      <ModulePath>C:\WINDOWS\Microsoft.Net\assembly\GAC_64\System.EnterpriseServices\v4.0_4.0.0.0__b03f5f7f11d50a3a\System.EnterpriseServices.dll</ModulePath>
      <ModuleTime>2019-07-01T02:35:10.7875034Z</ModuleTime>
      <ModuleName>System.EnterpriseServices</ModuleName>
      <Classes />
    </Module>
    <Module skippedDueTo="Filter" hash="31-3C-03-6D-B1-13-F3-EA-5F-93-9F-C0-AF-39-94-B1-A7-1E-AD-84">
      <ModulePath>C:\WINDOWS\Microsoft.Net\assembly\GAC_MSIL\System.Runtime.Serialization\v4.0_4.0.0.0__b77a5c561934e089\System.Runtime.Serialization.dll</ModulePath>
      <ModuleTime>2019-06-08T02:12:45.8408672Z</ModuleTime>
      <ModuleName>System.Runtime.Serialization</ModuleName>
      <Classes />
    </Module>
    <Module skippedDueTo="Filter" hash="17-BD-71-A3-77-73-EF-2B-1B-5F-08-C7-AC-D7-D2-8D-0E-5E-2E-27">
      <ModulePath>C:\WINDOWS\Microsoft.Net\assembly\GAC_MSIL\System.Web.Extensions\v4.0_4.0.0.0__31bf3856ad364e35\System.Web.Extensions.dll</ModulePath>
      <ModuleTime>2019-05-21T01:12:14.6058075Z</ModuleTime>
      <ModuleName>System.Web.Extensions</ModuleName>
      <Classes />
    </Module>
    <Module skippedDueTo="Filter" hash="E4-8E-28-11-42-ED-9C-EC-29-1B-6E-B0-9B-70-4E-BC-55-79-A2-1E">
      <ModulePath>C:\WINDOWS\Microsoft.Net\assembly\GAC_MSIL\System.ComponentModel.DataAnnotations\v4.0_4.0.0.0__31bf3856ad364e35\System.ComponentModel.DataAnnotations.dll</ModulePath>
      <ModuleTime>2019-07-01T02:35:11.1603065Z</ModuleTime>
      <ModuleName>System.ComponentModel.DataAnnotations</ModuleName>
      <Classes />
    </Module>
  </Modules>
</CoverageSession>